2023-10-16T10:34:47.855+03:00  WARN 5908 --- [Test worker] ory$DuplicateJsonObjectContextCustomizer : 

Found multiple occurrences of org.json.JSONObject on the class path:

	jar:file:/C:/JAVA/gradle-7.5.1/caches/modules-2/files-2.1/org.json/json/20230618/1ae16df7d556d02713e241086f878399e99260d6/json-20230618.jar!/org/json/JSONObject.class
	jar:file:/C:/JAVA/gradle-7.5.1/caches/modules-2/files-2.1/com.vaadin.external.google/android-json/0.0.20131108.vaadin1/fa26d351fe62a6a17f5cda1287c1c6110dec413f/android-json-0.0.20131108.vaadin1.jar!/org/json/JSONObject.class

You may wish to exclude one of them to ensure predictable runtime behavior

2023-10-16T10:34:47.886+03:00  INFO 5908 --- [Test worker] b.d.s.g.c.services.ComPortServiceTest    : Starting ComPortServiceTest using Java 17.0.4.1 with PID 5908 (started by User in D:\JAVA\Projects\glucoreader_test)
2023-10-16T10:34:47.887+03:00  INFO 5908 --- [Test worker] b.d.s.g.c.services.ComPortServiceTest    : No active profile set, falling back to 1 default profile: "default"
2023-10-16T10:34:48.542+03:00  INFO 5908 --- [Test worker] .s.d.r.c.RepositoryConfigurationDelegate : Bootstrapping Spring Data JPA repositories in DEFAULT mode.
2023-10-16T10:34:48.607+03:00  INFO 5908 --- [Test worker] .s.d.r.c.RepositoryConfigurationDelegate : Finished Spring Data repository scanning in 52 ms. Found 1 JPA repository interfaces.
2023-10-16T10:34:49.055+03:00  INFO 5908 --- [Test worker] o.f.c.internal.license.VersionPrinter    : Flyway Community Edition 9.16.3 by Redgate
2023-10-16T10:34:49.055+03:00  INFO 5908 --- [Test worker] o.f.c.internal.license.VersionPrinter    : See release notes here: https://rd.gt/416ObMi
2023-10-16T10:34:49.055+03:00  INFO 5908 --- [Test worker] o.f.c.internal.license.VersionPrinter    : 
2023-10-16T10:34:49.067+03:00  INFO 5908 --- [Test worker] com.zaxxer.hikari.HikariDataSource       : HikariPool-1 - Starting...
2023-10-16T10:34:49.209+03:00  INFO 5908 --- [Test worker] com.zaxxer.hikari.pool.HikariPool        : HikariPool-1 - Added connection org.sqlite.jdbc4.JDBC4Connection@6221b13b
2023-10-16T10:34:49.211+03:00  INFO 5908 --- [Test worker] com.zaxxer.hikari.HikariDataSource       : HikariPool-1 - Start completed.
2023-10-16T10:34:49.220+03:00  INFO 5908 --- [Test worker] o.f.c.i.database.base.BaseDatabaseType   : Database: jdbc:sqlite:src/main/resources/db/database.sqlite (SQLite 3.42)
2023-10-16T10:34:49.249+03:00  INFO 5908 --- [Test worker] o.f.core.internal.command.DbValidate     : Successfully validated 1 migration (execution time 00:00.012s)
2023-10-16T10:34:49.253+03:00  INFO 5908 --- [Test worker] o.f.core.internal.command.DbMigrate      : Current version of schema "main": 1
2023-10-16T10:34:49.253+03:00  INFO 5908 --- [Test worker] o.f.core.internal.command.DbMigrate      : Schema "main" is up to date. No migration necessary.
2023-10-16T10:34:49.351+03:00  INFO 5908 --- [Test worker] o.hibernate.jpa.internal.util.LogHelper  : HHH000204: Processing PersistenceUnitInfo [name: default]
2023-10-16T10:34:49.430+03:00  INFO 5908 --- [Test worker] org.hibernate.Version                    : HHH000412: Hibernate ORM core version 6.2.6.Final
2023-10-16T10:34:49.432+03:00  INFO 5908 --- [Test worker] org.hibernate.cfg.Environment            : HHH000406: Using bytecode reflection optimizer
2023-10-16T10:34:49.598+03:00  INFO 5908 --- [Test worker] o.h.b.i.BytecodeProviderInitiator        : HHH000021: Bytecode provider name : bytebuddy
2023-10-16T10:34:49.746+03:00  INFO 5908 --- [Test worker] o.s.o.j.p.SpringPersistenceUnitInfo      : No LoadTimeWeaver setup: ignoring JPA class transformer
2023-10-16T10:34:49.985+03:00  INFO 5908 --- [Test worker] o.h.b.i.BytecodeProviderInitiator        : HHH000021: Bytecode provider name : bytebuddy
2023-10-16T10:34:50.509+03:00  INFO 5908 --- [Test worker] o.h.e.t.j.p.i.JtaPlatformInitiator       : HHH000490: Using JtaPlatform implementation: [org.hibernate.engine.transaction.jta.platform.internal.NoJtaPlatform]
2023-10-16T10:34:50.534+03:00  INFO 5908 --- [Test worker] j.LocalContainerEntityManagerFactoryBean : Initialized JPA EntityManagerFactory for persistence unit 'default'
2023-10-16T10:34:50.712+03:00  WARN 5908 --- [Test worker] JpaBaseConfiguration$JpaWebConfiguration : spring.jpa.open-in-view is enabled by default. Therefore, database queries may be performed during view rendering. Explicitly configure spring.jpa.open-in-view to disable this warning
2023-10-16T10:34:51.365+03:00  INFO 5908 --- [Test worker] b.d.s.g.c.services.ComPortServiceTest    : Started ComPortServiceTest in 3.757 seconds (process running for 5.024)
2023-10-16T10:34:51.950+03:00  INFO 5908 --- [SpringApplicationShutdownHook] j.LocalContainerEntityManagerFactoryBean : Closing JPA EntityManagerFactory for persistence unit 'default'
2023-10-16T10:34:51.953+03:00  INFO 5908 --- [SpringApplicationShutdownHook] com.zaxxer.hikari.HikariDataSource       : HikariPool-1 - Shutdown initiated...
2023-10-16T10:34:51.957+03:00  INFO 5908 --- [SpringApplicationShutdownHook] com.zaxxer.hikari.HikariDataSource       : HikariPool-1 - Shutdown completed.
2023-10-16T10:43:27.025+03:00  WARN 7644 --- [Test worker] ory$DuplicateJsonObjectContextCustomizer : 

Found multiple occurrences of org.json.JSONObject on the class path:

	jar:file:/C:/JAVA/gradle-7.5.1/caches/modules-2/files-2.1/org.json/json/20230618/1ae16df7d556d02713e241086f878399e99260d6/json-20230618.jar!/org/json/JSONObject.class
	jar:file:/C:/JAVA/gradle-7.5.1/caches/modules-2/files-2.1/com.vaadin.external.google/android-json/0.0.20131108.vaadin1/fa26d351fe62a6a17f5cda1287c1c6110dec413f/android-json-0.0.20131108.vaadin1.jar!/org/json/JSONObject.class

You may wish to exclude one of them to ensure predictable runtime behavior

2023-10-16T10:43:27.041+03:00  INFO 7644 --- [Test worker] b.d.s.g.c.services.ComPortServiceTest    : Starting ComPortServiceTest using Java 17.0.4.1 with PID 7644 (started by User in D:\JAVA\Projects\glucoreader_test)
2023-10-16T10:43:27.043+03:00  INFO 7644 --- [Test worker] b.d.s.g.c.services.ComPortServiceTest    : No active profile set, falling back to 1 default profile: "default"
2023-10-16T10:43:27.654+03:00  INFO 7644 --- [Test worker] .s.d.r.c.RepositoryConfigurationDelegate : Bootstrapping Spring Data JPA repositories in DEFAULT mode.
2023-10-16T10:43:27.711+03:00  INFO 7644 --- [Test worker] .s.d.r.c.RepositoryConfigurationDelegate : Finished Spring Data repository scanning in 49 ms. Found 1 JPA repository interfaces.
2023-10-16T10:43:28.191+03:00  INFO 7644 --- [Test worker] o.f.c.internal.license.VersionPrinter    : Flyway Community Edition 9.16.3 by Redgate
2023-10-16T10:43:28.191+03:00  INFO 7644 --- [Test worker] o.f.c.internal.license.VersionPrinter    : See release notes here: https://rd.gt/416ObMi
2023-10-16T10:43:28.191+03:00  INFO 7644 --- [Test worker] o.f.c.internal.license.VersionPrinter    : 
2023-10-16T10:43:28.202+03:00  INFO 7644 --- [Test worker] com.zaxxer.hikari.HikariDataSource       : HikariPool-1 - Starting...
2023-10-16T10:43:28.330+03:00  INFO 7644 --- [Test worker] com.zaxxer.hikari.pool.HikariPool        : HikariPool-1 - Added connection org.sqlite.jdbc4.JDBC4Connection@31b0f02
2023-10-16T10:43:28.332+03:00  INFO 7644 --- [Test worker] com.zaxxer.hikari.HikariDataSource       : HikariPool-1 - Start completed.
2023-10-16T10:43:28.342+03:00  INFO 7644 --- [Test worker] o.f.c.i.database.base.BaseDatabaseType   : Database: jdbc:sqlite:src/main/resources/db/database.sqlite (SQLite 3.42)
2023-10-16T10:43:28.373+03:00  INFO 7644 --- [Test worker] o.f.core.internal.command.DbValidate     : Successfully validated 1 migration (execution time 00:00.015s)
2023-10-16T10:43:28.377+03:00  INFO 7644 --- [Test worker] o.f.core.internal.command.DbMigrate      : Current version of schema "main": 1
2023-10-16T10:43:28.377+03:00  INFO 7644 --- [Test worker] o.f.core.internal.command.DbMigrate      : Schema "main" is up to date. No migration necessary.
2023-10-16T10:43:28.489+03:00  INFO 7644 --- [Test worker] o.hibernate.jpa.internal.util.LogHelper  : HHH000204: Processing PersistenceUnitInfo [name: default]
2023-10-16T10:43:28.558+03:00  INFO 7644 --- [Test worker] org.hibernate.Version                    : HHH000412: Hibernate ORM core version 6.2.6.Final
2023-10-16T10:43:28.562+03:00  INFO 7644 --- [Test worker] org.hibernate.cfg.Environment            : HHH000406: Using bytecode reflection optimizer
2023-10-16T10:43:28.709+03:00  INFO 7644 --- [Test worker] o.h.b.i.BytecodeProviderInitiator        : HHH000021: Bytecode provider name : bytebuddy
2023-10-16T10:43:28.858+03:00  INFO 7644 --- [Test worker] o.s.o.j.p.SpringPersistenceUnitInfo      : No LoadTimeWeaver setup: ignoring JPA class transformer
2023-10-16T10:43:29.078+03:00  INFO 7644 --- [Test worker] o.h.b.i.BytecodeProviderInitiator        : HHH000021: Bytecode provider name : bytebuddy
2023-10-16T10:43:29.618+03:00  INFO 7644 --- [Test worker] o.h.e.t.j.p.i.JtaPlatformInitiator       : HHH000490: Using JtaPlatform implementation: [org.hibernate.engine.transaction.jta.platform.internal.NoJtaPlatform]
2023-10-16T10:43:29.642+03:00  INFO 7644 --- [Test worker] j.LocalContainerEntityManagerFactoryBean : Initialized JPA EntityManagerFactory for persistence unit 'default'
2023-10-16T10:43:29.848+03:00  WARN 7644 --- [Test worker] JpaBaseConfiguration$JpaWebConfiguration : spring.jpa.open-in-view is enabled by default. Therefore, database queries may be performed during view rendering. Explicitly configure spring.jpa.open-in-view to disable this warning
2023-10-16T10:43:30.480+03:00  INFO 7644 --- [Test worker] b.d.s.g.c.services.ComPortServiceTest    : Started ComPortServiceTest in 3.751 seconds (process running for 4.893)
2023-10-16T10:43:31.077+03:00  INFO 7644 --- [SpringApplicationShutdownHook] j.LocalContainerEntityManagerFactoryBean : Closing JPA EntityManagerFactory for persistence unit 'default'
2023-10-16T10:43:31.081+03:00  INFO 7644 --- [SpringApplicationShutdownHook] com.zaxxer.hikari.HikariDataSource       : HikariPool-1 - Shutdown initiated...
2023-10-16T10:43:31.083+03:00  INFO 7644 --- [SpringApplicationShutdownHook] com.zaxxer.hikari.HikariDataSource       : HikariPool-1 - Shutdown completed.
2023-10-16T15:34:03.573+03:00  WARN 8784 --- [Test worker] ory$DuplicateJsonObjectContextCustomizer : 

Found multiple occurrences of org.json.JSONObject on the class path:

	jar:file:/C:/JAVA/gradle-7.5.1/caches/modules-2/files-2.1/org.json/json/20230618/1ae16df7d556d02713e241086f878399e99260d6/json-20230618.jar!/org/json/JSONObject.class
	jar:file:/C:/JAVA/gradle-7.5.1/caches/modules-2/files-2.1/com.vaadin.external.google/android-json/0.0.20131108.vaadin1/fa26d351fe62a6a17f5cda1287c1c6110dec413f/android-json-0.0.20131108.vaadin1.jar!/org/json/JSONObject.class

You may wish to exclude one of them to ensure predictable runtime behavior

2023-10-16T15:34:03.590+03:00  INFO 8784 --- [Test worker] b.d.s.g.c.services.DeviceDTOServiceTest  : Starting DeviceDTOServiceTest using Java 17.0.4.1 with PID 8784 (started by User in D:\JAVA\Projects\glucoreader_test)
2023-10-16T15:34:03.591+03:00  INFO 8784 --- [Test worker] b.d.s.g.c.services.DeviceDTOServiceTest  : No active profile set, falling back to 1 default profile: "default"
2023-10-16T15:34:04.214+03:00  INFO 8784 --- [Test worker] .s.d.r.c.RepositoryConfigurationDelegate : Bootstrapping Spring Data JPA repositories in DEFAULT mode.
2023-10-16T15:34:04.292+03:00  INFO 8784 --- [Test worker] .s.d.r.c.RepositoryConfigurationDelegate : Finished Spring Data repository scanning in 68 ms. Found 1 JPA repository interfaces.
2023-10-16T15:34:04.777+03:00  INFO 8784 --- [Test worker] o.f.c.internal.license.VersionPrinter    : Flyway Community Edition 9.16.3 by Redgate
2023-10-16T15:34:04.777+03:00  INFO 8784 --- [Test worker] o.f.c.internal.license.VersionPrinter    : See release notes here: https://rd.gt/416ObMi
2023-10-16T15:34:04.777+03:00  INFO 8784 --- [Test worker] o.f.c.internal.license.VersionPrinter    : 
2023-10-16T15:34:04.789+03:00  INFO 8784 --- [Test worker] com.zaxxer.hikari.HikariDataSource       : HikariPool-1 - Starting...
2023-10-16T15:34:04.931+03:00  INFO 8784 --- [Test worker] com.zaxxer.hikari.pool.HikariPool        : HikariPool-1 - Added connection org.sqlite.jdbc4.JDBC4Connection@6ffd4c0d
2023-10-16T15:34:04.933+03:00  INFO 8784 --- [Test worker] com.zaxxer.hikari.HikariDataSource       : HikariPool-1 - Start completed.
2023-10-16T15:34:04.944+03:00  INFO 8784 --- [Test worker] o.f.c.i.database.base.BaseDatabaseType   : Database: jdbc:sqlite:src/main/resources/db/database.sqlite (SQLite 3.42)
2023-10-16T15:34:04.975+03:00  INFO 8784 --- [Test worker] o.f.core.internal.command.DbValidate     : Successfully validated 1 migration (execution time 00:00.012s)
2023-10-16T15:34:04.979+03:00  INFO 8784 --- [Test worker] o.f.core.internal.command.DbMigrate      : Current version of schema "main": 1
2023-10-16T15:34:04.980+03:00  INFO 8784 --- [Test worker] o.f.core.internal.command.DbMigrate      : Schema "main" is up to date. No migration necessary.
2023-10-16T15:34:05.076+03:00  INFO 8784 --- [Test worker] o.hibernate.jpa.internal.util.LogHelper  : HHH000204: Processing PersistenceUnitInfo [name: default]
2023-10-16T15:34:05.144+03:00  INFO 8784 --- [Test worker] org.hibernate.Version                    : HHH000412: Hibernate ORM core version 6.2.6.Final
2023-10-16T15:34:05.147+03:00  INFO 8784 --- [Test worker] org.hibernate.cfg.Environment            : HHH000406: Using bytecode reflection optimizer
2023-10-16T15:34:05.317+03:00  INFO 8784 --- [Test worker] o.h.b.i.BytecodeProviderInitiator        : HHH000021: Bytecode provider name : bytebuddy
2023-10-16T15:34:05.460+03:00  INFO 8784 --- [Test worker] o.s.o.j.p.SpringPersistenceUnitInfo      : No LoadTimeWeaver setup: ignoring JPA class transformer
2023-10-16T15:34:05.694+03:00  INFO 8784 --- [Test worker] o.h.b.i.BytecodeProviderInitiator        : HHH000021: Bytecode provider name : bytebuddy
2023-10-16T15:34:06.253+03:00  INFO 8784 --- [Test worker] o.h.e.t.j.p.i.JtaPlatformInitiator       : HHH000490: Using JtaPlatform implementation: [org.hibernate.engine.transaction.jta.platform.internal.NoJtaPlatform]
2023-10-16T15:34:06.291+03:00  INFO 8784 --- [Test worker] j.LocalContainerEntityManagerFactoryBean : Initialized JPA EntityManagerFactory for persistence unit 'default'
2023-10-16T15:34:06.482+03:00  WARN 8784 --- [Test worker] JpaBaseConfiguration$JpaWebConfiguration : spring.jpa.open-in-view is enabled by default. Therefore, database queries may be performed during view rendering. Explicitly configure spring.jpa.open-in-view to disable this warning
2023-10-16T15:34:07.127+03:00  INFO 8784 --- [Test worker] b.d.s.g.c.services.DeviceDTOServiceTest  : Started DeviceDTOServiceTest in 3.847 seconds (process running for 5.314)
2023-10-16T15:37:27.534+03:00  WARN 7852 --- [Test worker] ory$DuplicateJsonObjectContextCustomizer : 

Found multiple occurrences of org.json.JSONObject on the class path:

	jar:file:/C:/JAVA/gradle-7.5.1/caches/modules-2/files-2.1/org.json/json/20230618/1ae16df7d556d02713e241086f878399e99260d6/json-20230618.jar!/org/json/JSONObject.class
	jar:file:/C:/JAVA/gradle-7.5.1/caches/modules-2/files-2.1/com.vaadin.external.google/android-json/0.0.20131108.vaadin1/fa26d351fe62a6a17f5cda1287c1c6110dec413f/android-json-0.0.20131108.vaadin1.jar!/org/json/JSONObject.class

You may wish to exclude one of them to ensure predictable runtime behavior

2023-10-16T15:37:27.554+03:00  INFO 7852 --- [Test worker] b.d.s.g.c.services.DeviceDTOServiceTest  : Starting DeviceDTOServiceTest using Java 17.0.4.1 with PID 7852 (started by User in D:\JAVA\Projects\glucoreader_test)
2023-10-16T15:37:27.555+03:00  INFO 7852 --- [Test worker] b.d.s.g.c.services.DeviceDTOServiceTest  : No active profile set, falling back to 1 default profile: "default"
2023-10-16T15:37:28.193+03:00  INFO 7852 --- [Test worker] .s.d.r.c.RepositoryConfigurationDelegate : Bootstrapping Spring Data JPA repositories in DEFAULT mode.
2023-10-16T15:37:28.261+03:00  INFO 7852 --- [Test worker] .s.d.r.c.RepositoryConfigurationDelegate : Finished Spring Data repository scanning in 58 ms. Found 1 JPA repository interfaces.
2023-10-16T15:37:28.759+03:00  INFO 7852 --- [Test worker] o.f.c.internal.license.VersionPrinter    : Flyway Community Edition 9.16.3 by Redgate
2023-10-16T15:37:28.759+03:00  INFO 7852 --- [Test worker] o.f.c.internal.license.VersionPrinter    : See release notes here: https://rd.gt/416ObMi
2023-10-16T15:37:28.759+03:00  INFO 7852 --- [Test worker] o.f.c.internal.license.VersionPrinter    : 
2023-10-16T15:37:28.771+03:00  INFO 7852 --- [Test worker] com.zaxxer.hikari.HikariDataSource       : HikariPool-1 - Starting...
2023-10-16T15:37:28.889+03:00  INFO 7852 --- [Test worker] com.zaxxer.hikari.pool.HikariPool        : HikariPool-1 - Added connection org.sqlite.jdbc4.JDBC4Connection@2dba05b1
2023-10-16T15:37:28.891+03:00  INFO 7852 --- [Test worker] com.zaxxer.hikari.HikariDataSource       : HikariPool-1 - Start completed.
2023-10-16T15:37:28.899+03:00  INFO 7852 --- [Test worker] o.f.c.i.database.base.BaseDatabaseType   : Database: jdbc:sqlite:src/main/resources/db/database.sqlite (SQLite 3.42)
2023-10-16T15:37:28.928+03:00  INFO 7852 --- [Test worker] o.f.core.internal.command.DbValidate     : Successfully validated 1 migration (execution time 00:00.012s)
2023-10-16T15:37:28.932+03:00  INFO 7852 --- [Test worker] o.f.core.internal.command.DbMigrate      : Current version of schema "main": 1
2023-10-16T15:37:28.933+03:00  INFO 7852 --- [Test worker] o.f.core.internal.command.DbMigrate      : Schema "main" is up to date. No migration necessary.
2023-10-16T15:37:29.033+03:00  INFO 7852 --- [Test worker] o.hibernate.jpa.internal.util.LogHelper  : HHH000204: Processing PersistenceUnitInfo [name: default]
2023-10-16T15:37:29.104+03:00  INFO 7852 --- [Test worker] org.hibernate.Version                    : HHH000412: Hibernate ORM core version 6.2.6.Final
2023-10-16T15:37:29.108+03:00  INFO 7852 --- [Test worker] org.hibernate.cfg.Environment            : HHH000406: Using bytecode reflection optimizer
2023-10-16T15:37:29.286+03:00  INFO 7852 --- [Test worker] o.h.b.i.BytecodeProviderInitiator        : HHH000021: Bytecode provider name : bytebuddy
2023-10-16T15:37:29.427+03:00  INFO 7852 --- [Test worker] o.s.o.j.p.SpringPersistenceUnitInfo      : No LoadTimeWeaver setup: ignoring JPA class transformer
2023-10-16T15:37:29.662+03:00  INFO 7852 --- [Test worker] o.h.b.i.BytecodeProviderInitiator        : HHH000021: Bytecode provider name : bytebuddy
2023-10-16T15:37:30.194+03:00  INFO 7852 --- [Test worker] o.h.e.t.j.p.i.JtaPlatformInitiator       : HHH000490: Using JtaPlatform implementation: [org.hibernate.engine.transaction.jta.platform.internal.NoJtaPlatform]
2023-10-16T15:37:30.225+03:00  INFO 7852 --- [Test worker] j.LocalContainerEntityManagerFactoryBean : Initialized JPA EntityManagerFactory for persistence unit 'default'
2023-10-16T15:37:30.418+03:00  WARN 7852 --- [Test worker] JpaBaseConfiguration$JpaWebConfiguration : spring.jpa.open-in-view is enabled by default. Therefore, database queries may be performed during view rendering. Explicitly configure spring.jpa.open-in-view to disable this warning
2023-10-16T15:37:31.134+03:00  INFO 7852 --- [Test worker] b.d.s.g.c.services.DeviceDTOServiceTest  : Started DeviceDTOServiceTest in 3.899 seconds (process running for 5.387)
2023-10-16T15:43:09.321+03:00  WARN 10248 --- [Test worker] ory$DuplicateJsonObjectContextCustomizer : 

Found multiple occurrences of org.json.JSONObject on the class path:

	jar:file:/C:/JAVA/gradle-7.5.1/caches/modules-2/files-2.1/org.json/json/20230618/1ae16df7d556d02713e241086f878399e99260d6/json-20230618.jar!/org/json/JSONObject.class
	jar:file:/C:/JAVA/gradle-7.5.1/caches/modules-2/files-2.1/com.vaadin.external.google/android-json/0.0.20131108.vaadin1/fa26d351fe62a6a17f5cda1287c1c6110dec413f/android-json-0.0.20131108.vaadin1.jar!/org/json/JSONObject.class

You may wish to exclude one of them to ensure predictable runtime behavior

2023-10-16T15:43:09.338+03:00  INFO 10248 --- [Test worker] b.d.s.g.c.services.DeviceDTOServiceTest  : Starting DeviceDTOServiceTest using Java 17.0.4.1 with PID 10248 (started by User in D:\JAVA\Projects\glucoreader_test)
2023-10-16T15:43:09.339+03:00  INFO 10248 --- [Test worker] b.d.s.g.c.services.DeviceDTOServiceTest  : No active profile set, falling back to 1 default profile: "default"
2023-10-16T15:43:09.954+03:00  INFO 10248 --- [Test worker] .s.d.r.c.RepositoryConfigurationDelegate : Bootstrapping Spring Data JPA repositories in DEFAULT mode.
2023-10-16T15:43:10.034+03:00  INFO 10248 --- [Test worker] .s.d.r.c.RepositoryConfigurationDelegate : Finished Spring Data repository scanning in 69 ms. Found 1 JPA repository interfaces.
2023-10-16T15:43:10.503+03:00  INFO 10248 --- [Test worker] o.f.c.internal.license.VersionPrinter    : Flyway Community Edition 9.16.3 by Redgate
2023-10-16T15:43:10.504+03:00  INFO 10248 --- [Test worker] o.f.c.internal.license.VersionPrinter    : See release notes here: https://rd.gt/416ObMi
2023-10-16T15:43:10.504+03:00  INFO 10248 --- [Test worker] o.f.c.internal.license.VersionPrinter    : 
2023-10-16T15:43:10.514+03:00  INFO 10248 --- [Test worker] com.zaxxer.hikari.HikariDataSource       : HikariPool-1 - Starting...
2023-10-16T15:43:10.632+03:00  INFO 10248 --- [Test worker] com.zaxxer.hikari.pool.HikariPool        : HikariPool-1 - Added connection org.sqlite.jdbc4.JDBC4Connection@6ffd4c0d
2023-10-16T15:43:10.635+03:00  INFO 10248 --- [Test worker] com.zaxxer.hikari.HikariDataSource       : HikariPool-1 - Start completed.
2023-10-16T15:43:10.644+03:00  INFO 10248 --- [Test worker] o.f.c.i.database.base.BaseDatabaseType   : Database: jdbc:sqlite:src/main/resources/db/database.sqlite (SQLite 3.42)
2023-10-16T15:43:10.680+03:00  INFO 10248 --- [Test worker] o.f.core.internal.command.DbValidate     : Successfully validated 1 migration (execution time 00:00.017s)
2023-10-16T15:43:10.685+03:00  INFO 10248 --- [Test worker] o.f.core.internal.command.DbMigrate      : Current version of schema "main": 1
2023-10-16T15:43:10.686+03:00  INFO 10248 --- [Test worker] o.f.core.internal.command.DbMigrate      : Schema "main" is up to date. No migration necessary.
2023-10-16T15:43:10.780+03:00  INFO 10248 --- [Test worker] o.hibernate.jpa.internal.util.LogHelper  : HHH000204: Processing PersistenceUnitInfo [name: default]
2023-10-16T15:43:10.850+03:00  INFO 10248 --- [Test worker] org.hibernate.Version                    : HHH000412: Hibernate ORM core version 6.2.6.Final
2023-10-16T15:43:10.853+03:00  INFO 10248 --- [Test worker] org.hibernate.cfg.Environment            : HHH000406: Using bytecode reflection optimizer
2023-10-16T15:43:11.004+03:00  INFO 10248 --- [Test worker] o.h.b.i.BytecodeProviderInitiator        : HHH000021: Bytecode provider name : bytebuddy
2023-10-16T15:43:11.148+03:00  INFO 10248 --- [Test worker] o.s.o.j.p.SpringPersistenceUnitInfo      : No LoadTimeWeaver setup: ignoring JPA class transformer
2023-10-16T15:43:11.385+03:00  INFO 10248 --- [Test worker] o.h.b.i.BytecodeProviderInitiator        : HHH000021: Bytecode provider name : bytebuddy
2023-10-16T15:43:11.937+03:00  INFO 10248 --- [Test worker] o.h.e.t.j.p.i.JtaPlatformInitiator       : HHH000490: Using JtaPlatform implementation: [org.hibernate.engine.transaction.jta.platform.internal.NoJtaPlatform]
2023-10-16T15:43:11.964+03:00  INFO 10248 --- [Test worker] j.LocalContainerEntityManagerFactoryBean : Initialized JPA EntityManagerFactory for persistence unit 'default'
2023-10-16T15:43:12.167+03:00  WARN 10248 --- [Test worker] JpaBaseConfiguration$JpaWebConfiguration : spring.jpa.open-in-view is enabled by default. Therefore, database queries may be performed during view rendering. Explicitly configure spring.jpa.open-in-view to disable this warning
2023-10-16T15:43:12.802+03:00  INFO 10248 --- [Test worker] b.d.s.g.c.services.DeviceDTOServiceTest  : Started DeviceDTOServiceTest in 3.788 seconds (process running for 5.083)
2023-10-16T15:43:39.679+03:00  WARN 12524 --- [Test worker] ory$DuplicateJsonObjectContextCustomizer : 

Found multiple occurrences of org.json.JSONObject on the class path:

	jar:file:/C:/JAVA/gradle-7.5.1/caches/modules-2/files-2.1/org.json/json/20230618/1ae16df7d556d02713e241086f878399e99260d6/json-20230618.jar!/org/json/JSONObject.class
	jar:file:/C:/JAVA/gradle-7.5.1/caches/modules-2/files-2.1/com.vaadin.external.google/android-json/0.0.20131108.vaadin1/fa26d351fe62a6a17f5cda1287c1c6110dec413f/android-json-0.0.20131108.vaadin1.jar!/org/json/JSONObject.class

You may wish to exclude one of them to ensure predictable runtime behavior

2023-10-16T15:43:39.694+03:00  INFO 12524 --- [Test worker] b.d.s.g.c.services.DeviceDTOServiceTest  : Starting DeviceDTOServiceTest using Java 17.0.4.1 with PID 12524 (started by User in D:\JAVA\Projects\glucoreader_test)
2023-10-16T15:43:39.696+03:00  INFO 12524 --- [Test worker] b.d.s.g.c.services.DeviceDTOServiceTest  : No active profile set, falling back to 1 default profile: "default"
2023-10-16T15:43:40.343+03:00  INFO 12524 --- [Test worker] .s.d.r.c.RepositoryConfigurationDelegate : Bootstrapping Spring Data JPA repositories in DEFAULT mode.
2023-10-16T15:43:40.415+03:00  INFO 12524 --- [Test worker] .s.d.r.c.RepositoryConfigurationDelegate : Finished Spring Data repository scanning in 62 ms. Found 1 JPA repository interfaces.
2023-10-16T15:43:40.915+03:00  INFO 12524 --- [Test worker] o.f.c.internal.license.VersionPrinter    : Flyway Community Edition 9.16.3 by Redgate
2023-10-16T15:43:40.915+03:00  INFO 12524 --- [Test worker] o.f.c.internal.license.VersionPrinter    : See release notes here: https://rd.gt/416ObMi
2023-10-16T15:43:40.915+03:00  INFO 12524 --- [Test worker] o.f.c.internal.license.VersionPrinter    : 
2023-10-16T15:43:40.929+03:00  INFO 12524 --- [Test worker] com.zaxxer.hikari.HikariDataSource       : HikariPool-1 - Starting...
2023-10-16T15:43:41.059+03:00  INFO 12524 --- [Test worker] com.zaxxer.hikari.pool.HikariPool        : HikariPool-1 - Added connection org.sqlite.jdbc4.JDBC4Connection@6ffd4c0d
2023-10-16T15:43:41.062+03:00  INFO 12524 --- [Test worker] com.zaxxer.hikari.HikariDataSource       : HikariPool-1 - Start completed.
2023-10-16T15:43:41.073+03:00  INFO 12524 --- [Test worker] o.f.c.i.database.base.BaseDatabaseType   : Database: jdbc:sqlite:src/main/resources/db/database.sqlite (SQLite 3.42)
2023-10-16T15:43:41.119+03:00  INFO 12524 --- [Test worker] o.f.core.internal.command.DbValidate     : Successfully validated 1 migration (execution time 00:00.026s)
2023-10-16T15:43:41.124+03:00  INFO 12524 --- [Test worker] o.f.core.internal.command.DbMigrate      : Current version of schema "main": 1
2023-10-16T15:43:41.125+03:00  INFO 12524 --- [Test worker] o.f.core.internal.command.DbMigrate      : Schema "main" is up to date. No migration necessary.
2023-10-16T15:43:41.228+03:00  INFO 12524 --- [Test worker] o.hibernate.jpa.internal.util.LogHelper  : HHH000204: Processing PersistenceUnitInfo [name: default]
2023-10-16T15:43:41.304+03:00  INFO 12524 --- [Test worker] org.hibernate.Version                    : HHH000412: Hibernate ORM core version 6.2.6.Final
2023-10-16T15:43:41.309+03:00  INFO 12524 --- [Test worker] org.hibernate.cfg.Environment            : HHH000406: Using bytecode reflection optimizer
2023-10-16T15:43:41.482+03:00  INFO 12524 --- [Test worker] o.h.b.i.BytecodeProviderInitiator        : HHH000021: Bytecode provider name : bytebuddy
2023-10-16T15:43:41.639+03:00  INFO 12524 --- [Test worker] o.s.o.j.p.SpringPersistenceUnitInfo      : No LoadTimeWeaver setup: ignoring JPA class transformer
2023-10-16T15:43:41.871+03:00  INFO 12524 --- [Test worker] o.h.b.i.BytecodeProviderInitiator        : HHH000021: Bytecode provider name : bytebuddy
2023-10-16T15:43:42.407+03:00  INFO 12524 --- [Test worker] o.h.e.t.j.p.i.JtaPlatformInitiator       : HHH000490: Using JtaPlatform implementation: [org.hibernate.engine.transaction.jta.platform.internal.NoJtaPlatform]
2023-10-16T15:43:42.432+03:00  INFO 12524 --- [Test worker] j.LocalContainerEntityManagerFactoryBean : Initialized JPA EntityManagerFactory for persistence unit 'default'
2023-10-16T15:43:42.633+03:00  WARN 12524 --- [Test worker] JpaBaseConfiguration$JpaWebConfiguration : spring.jpa.open-in-view is enabled by default. Therefore, database queries may be performed during view rendering. Explicitly configure spring.jpa.open-in-view to disable this warning
2023-10-16T15:43:43.295+03:00  INFO 12524 --- [Test worker] b.d.s.g.c.services.DeviceDTOServiceTest  : Started DeviceDTOServiceTest in 3.918 seconds (process running for 5.131)
2023-10-16T15:55:03.823+03:00  WARN 3460 --- [Test worker] ory$DuplicateJsonObjectContextCustomizer : 

Found multiple occurrences of org.json.JSONObject on the class path:

	jar:file:/C:/JAVA/gradle-7.5.1/caches/modules-2/files-2.1/org.json/json/20230618/1ae16df7d556d02713e241086f878399e99260d6/json-20230618.jar!/org/json/JSONObject.class
	jar:file:/C:/JAVA/gradle-7.5.1/caches/modules-2/files-2.1/com.vaadin.external.google/android-json/0.0.20131108.vaadin1/fa26d351fe62a6a17f5cda1287c1c6110dec413f/android-json-0.0.20131108.vaadin1.jar!/org/json/JSONObject.class

You may wish to exclude one of them to ensure predictable runtime behavior

2023-10-16T15:55:03.844+03:00  INFO 3460 --- [Test worker] b.d.s.g.c.services.DeviceDTOServiceTest  : Starting DeviceDTOServiceTest using Java 17.0.4.1 with PID 3460 (started by User in D:\JAVA\Projects\glucoreader_test)
2023-10-16T15:55:03.845+03:00  INFO 3460 --- [Test worker] b.d.s.g.c.services.DeviceDTOServiceTest  : No active profile set, falling back to 1 default profile: "default"
2023-10-16T15:55:04.512+03:00  INFO 3460 --- [Test worker] .s.d.r.c.RepositoryConfigurationDelegate : Bootstrapping Spring Data JPA repositories in DEFAULT mode.
2023-10-16T15:55:04.586+03:00  INFO 3460 --- [Test worker] .s.d.r.c.RepositoryConfigurationDelegate : Finished Spring Data repository scanning in 63 ms. Found 1 JPA repository interfaces.
2023-10-16T15:55:05.120+03:00  INFO 3460 --- [Test worker] o.f.c.internal.license.VersionPrinter    : Flyway Community Edition 9.16.3 by Redgate
2023-10-16T15:55:05.121+03:00  INFO 3460 --- [Test worker] o.f.c.internal.license.VersionPrinter    : See release notes here: https://rd.gt/416ObMi
2023-10-16T15:55:05.121+03:00  INFO 3460 --- [Test worker] o.f.c.internal.license.VersionPrinter    : 
2023-10-16T15:55:05.136+03:00  INFO 3460 --- [Test worker] com.zaxxer.hikari.HikariDataSource       : HikariPool-1 - Starting...
2023-10-16T15:55:05.249+03:00  INFO 3460 --- [Test worker] com.zaxxer.hikari.pool.HikariPool        : HikariPool-1 - Added connection org.sqlite.jdbc4.JDBC4Connection@2dba05b1
2023-10-16T15:55:05.251+03:00  INFO 3460 --- [Test worker] com.zaxxer.hikari.HikariDataSource       : HikariPool-1 - Start completed.
2023-10-16T15:55:05.260+03:00  INFO 3460 --- [Test worker] o.f.c.i.database.base.BaseDatabaseType   : Database: jdbc:sqlite:src/main/resources/db/database.sqlite (SQLite 3.42)
2023-10-16T15:55:05.290+03:00  INFO 3460 --- [Test worker] o.f.core.internal.command.DbValidate     : Successfully validated 1 migration (execution time 00:00.013s)
2023-10-16T15:55:05.294+03:00  INFO 3460 --- [Test worker] o.f.core.internal.command.DbMigrate      : Current version of schema "main": 1
2023-10-16T15:55:05.294+03:00  INFO 3460 --- [Test worker] o.f.core.internal.command.DbMigrate      : Schema "main" is up to date. No migration necessary.
2023-10-16T15:55:05.410+03:00  INFO 3460 --- [Test worker] o.hibernate.jpa.internal.util.LogHelper  : HHH000204: Processing PersistenceUnitInfo [name: default]
2023-10-16T15:55:05.469+03:00  INFO 3460 --- [Test worker] org.hibernate.Version                    : HHH000412: Hibernate ORM core version 6.2.6.Final
2023-10-16T15:55:05.471+03:00  INFO 3460 --- [Test worker] org.hibernate.cfg.Environment            : HHH000406: Using bytecode reflection optimizer
2023-10-16T15:55:05.619+03:00  INFO 3460 --- [Test worker] o.h.b.i.BytecodeProviderInitiator        : HHH000021: Bytecode provider name : bytebuddy
2023-10-16T15:55:05.789+03:00  INFO 3460 --- [Test worker] o.s.o.j.p.SpringPersistenceUnitInfo      : No LoadTimeWeaver setup: ignoring JPA class transformer
2023-10-16T15:55:06.024+03:00  INFO 3460 --- [Test worker] o.h.b.i.BytecodeProviderInitiator        : HHH000021: Bytecode provider name : bytebuddy
2023-10-16T15:55:06.595+03:00  INFO 3460 --- [Test worker] o.h.e.t.j.p.i.JtaPlatformInitiator       : HHH000490: Using JtaPlatform implementation: [org.hibernate.engine.transaction.jta.platform.internal.NoJtaPlatform]
2023-10-16T15:55:06.623+03:00  INFO 3460 --- [Test worker] j.LocalContainerEntityManagerFactoryBean : Initialized JPA EntityManagerFactory for persistence unit 'default'
2023-10-16T15:55:06.825+03:00  WARN 3460 --- [Test worker] JpaBaseConfiguration$JpaWebConfiguration : spring.jpa.open-in-view is enabled by default. Therefore, database queries may be performed during view rendering. Explicitly configure spring.jpa.open-in-view to disable this warning
2023-10-16T15:55:07.479+03:00  INFO 3460 --- [Test worker] b.d.s.g.c.services.DeviceDTOServiceTest  : Started DeviceDTOServiceTest in 4.074 seconds (process running for 5.302)
2023-10-16T15:58:51.204+03:00  WARN 10800 --- [Test worker] ory$DuplicateJsonObjectContextCustomizer : 

Found multiple occurrences of org.json.JSONObject on the class path:

	jar:file:/C:/JAVA/gradle-7.5.1/caches/modules-2/files-2.1/org.json/json/20230618/1ae16df7d556d02713e241086f878399e99260d6/json-20230618.jar!/org/json/JSONObject.class
	jar:file:/C:/JAVA/gradle-7.5.1/caches/modules-2/files-2.1/com.vaadin.external.google/android-json/0.0.20131108.vaadin1/fa26d351fe62a6a17f5cda1287c1c6110dec413f/android-json-0.0.20131108.vaadin1.jar!/org/json/JSONObject.class

You may wish to exclude one of them to ensure predictable runtime behavior

2023-10-16T15:58:51.220+03:00  INFO 10800 --- [Test worker] b.d.s.g.c.services.DeviceDTOServiceTest  : Starting DeviceDTOServiceTest using Java 17.0.4.1 with PID 10800 (started by User in D:\JAVA\Projects\glucoreader_test)
2023-10-16T15:58:51.221+03:00  INFO 10800 --- [Test worker] b.d.s.g.c.services.DeviceDTOServiceTest  : No active profile set, falling back to 1 default profile: "default"
2023-10-16T15:58:51.974+03:00  INFO 10800 --- [Test worker] .s.d.r.c.RepositoryConfigurationDelegate : Bootstrapping Spring Data JPA repositories in DEFAULT mode.
2023-10-16T15:58:52.040+03:00  INFO 10800 --- [Test worker] .s.d.r.c.RepositoryConfigurationDelegate : Finished Spring Data repository scanning in 51 ms. Found 1 JPA repository interfaces.
2023-10-16T15:58:52.490+03:00  INFO 10800 --- [Test worker] o.f.c.internal.license.VersionPrinter    : Flyway Community Edition 9.16.3 by Redgate
2023-10-16T15:58:52.490+03:00  INFO 10800 --- [Test worker] o.f.c.internal.license.VersionPrinter    : See release notes here: https://rd.gt/416ObMi
2023-10-16T15:58:52.491+03:00  INFO 10800 --- [Test worker] o.f.c.internal.license.VersionPrinter    : 
2023-10-16T15:58:52.501+03:00  INFO 10800 --- [Test worker] com.zaxxer.hikari.HikariDataSource       : HikariPool-1 - Starting...
2023-10-16T15:58:52.616+03:00  INFO 10800 --- [Test worker] com.zaxxer.hikari.pool.HikariPool        : HikariPool-1 - Added connection org.sqlite.jdbc4.JDBC4Connection@6ffd4c0d
2023-10-16T15:58:52.619+03:00  INFO 10800 --- [Test worker] com.zaxxer.hikari.HikariDataSource       : HikariPool-1 - Start completed.
2023-10-16T15:58:52.627+03:00  INFO 10800 --- [Test worker] o.f.c.i.database.base.BaseDatabaseType   : Database: jdbc:sqlite:src/main/resources/db/database.sqlite (SQLite 3.42)
2023-10-16T15:58:52.659+03:00  INFO 10800 --- [Test worker] o.f.core.internal.command.DbValidate     : Successfully validated 1 migration (execution time 00:00.014s)
2023-10-16T15:58:52.663+03:00  INFO 10800 --- [Test worker] o.f.core.internal.command.DbMigrate      : Current version of schema "main": 1
2023-10-16T15:58:52.664+03:00  INFO 10800 --- [Test worker] o.f.core.internal.command.DbMigrate      : Schema "main" is up to date. No migration necessary.
2023-10-16T15:58:52.766+03:00  INFO 10800 --- [Test worker] o.hibernate.jpa.internal.util.LogHelper  : HHH000204: Processing PersistenceUnitInfo [name: default]
2023-10-16T15:58:52.827+03:00  INFO 10800 --- [Test worker] org.hibernate.Version                    : HHH000412: Hibernate ORM core version 6.2.6.Final
2023-10-16T15:58:52.830+03:00  INFO 10800 --- [Test worker] org.hibernate.cfg.Environment            : HHH000406: Using bytecode reflection optimizer
2023-10-16T15:58:52.974+03:00  INFO 10800 --- [Test worker] o.h.b.i.BytecodeProviderInitiator        : HHH000021: Bytecode provider name : bytebuddy
2023-10-16T15:58:53.107+03:00  INFO 10800 --- [Test worker] o.s.o.j.p.SpringPersistenceUnitInfo      : No LoadTimeWeaver setup: ignoring JPA class transformer
2023-10-16T15:58:53.336+03:00  INFO 10800 --- [Test worker] o.h.b.i.BytecodeProviderInitiator        : HHH000021: Bytecode provider name : bytebuddy
2023-10-16T15:58:53.835+03:00  INFO 10800 --- [Test worker] o.h.e.t.j.p.i.JtaPlatformInitiator       : HHH000490: Using JtaPlatform implementation: [org.hibernate.engine.transaction.jta.platform.internal.NoJtaPlatform]
2023-10-16T15:58:53.860+03:00  INFO 10800 --- [Test worker] j.LocalContainerEntityManagerFactoryBean : Initialized JPA EntityManagerFactory for persistence unit 'default'
2023-10-16T15:58:54.052+03:00  WARN 10800 --- [Test worker] JpaBaseConfiguration$JpaWebConfiguration : spring.jpa.open-in-view is enabled by default. Therefore, database queries may be performed during view rendering. Explicitly configure spring.jpa.open-in-view to disable this warning
2023-10-16T15:58:54.735+03:00  INFO 10800 --- [Test worker] b.d.s.g.c.services.DeviceDTOServiceTest  : Started DeviceDTOServiceTest in 3.864 seconds (process running for 5.236)
2023-10-16T15:59:13.190+03:00  WARN 13100 --- [Test worker] ory$DuplicateJsonObjectContextCustomizer : 

Found multiple occurrences of org.json.JSONObject on the class path:

	jar:file:/C:/JAVA/gradle-7.5.1/caches/modules-2/files-2.1/org.json/json/20230618/1ae16df7d556d02713e241086f878399e99260d6/json-20230618.jar!/org/json/JSONObject.class
	jar:file:/C:/JAVA/gradle-7.5.1/caches/modules-2/files-2.1/com.vaadin.external.google/android-json/0.0.20131108.vaadin1/fa26d351fe62a6a17f5cda1287c1c6110dec413f/android-json-0.0.20131108.vaadin1.jar!/org/json/JSONObject.class

You may wish to exclude one of them to ensure predictable runtime behavior

2023-10-16T15:59:13.205+03:00  INFO 13100 --- [Test worker] b.d.s.g.c.services.DeviceDTOServiceTest  : Starting DeviceDTOServiceTest using Java 17.0.4.1 with PID 13100 (started by User in D:\JAVA\Projects\glucoreader_test)
2023-10-16T15:59:13.206+03:00  INFO 13100 --- [Test worker] b.d.s.g.c.services.DeviceDTOServiceTest  : No active profile set, falling back to 1 default profile: "default"
2023-10-16T15:59:13.812+03:00  INFO 13100 --- [Test worker] .s.d.r.c.RepositoryConfigurationDelegate : Bootstrapping Spring Data JPA repositories in DEFAULT mode.
2023-10-16T15:59:13.889+03:00  INFO 13100 --- [Test worker] .s.d.r.c.RepositoryConfigurationDelegate : Finished Spring Data repository scanning in 69 ms. Found 1 JPA repository interfaces.
2023-10-16T15:59:14.350+03:00  INFO 13100 --- [Test worker] o.f.c.internal.license.VersionPrinter    : Flyway Community Edition 9.16.3 by Redgate
2023-10-16T15:59:14.351+03:00  INFO 13100 --- [Test worker] o.f.c.internal.license.VersionPrinter    : See release notes here: https://rd.gt/416ObMi
2023-10-16T15:59:14.351+03:00  INFO 13100 --- [Test worker] o.f.c.internal.license.VersionPrinter    : 
2023-10-16T15:59:14.363+03:00  INFO 13100 --- [Test worker] com.zaxxer.hikari.HikariDataSource       : HikariPool-1 - Starting...
2023-10-16T15:59:14.488+03:00  INFO 13100 --- [Test worker] com.zaxxer.hikari.pool.HikariPool        : HikariPool-1 - Added connection org.sqlite.jdbc4.JDBC4Connection@2dba05b1
2023-10-16T15:59:14.491+03:00  INFO 13100 --- [Test worker] com.zaxxer.hikari.HikariDataSource       : HikariPool-1 - Start completed.
2023-10-16T15:59:14.500+03:00  INFO 13100 --- [Test worker] o.f.c.i.database.base.BaseDatabaseType   : Database: jdbc:sqlite:src/main/resources/db/database.sqlite (SQLite 3.42)
2023-10-16T15:59:14.529+03:00  INFO 13100 --- [Test worker] o.f.core.internal.command.DbValidate     : Successfully validated 1 migration (execution time 00:00.012s)
2023-10-16T15:59:14.533+03:00  INFO 13100 --- [Test worker] o.f.core.internal.command.DbMigrate      : Current version of schema "main": 1
2023-10-16T15:59:14.534+03:00  INFO 13100 --- [Test worker] o.f.core.internal.command.DbMigrate      : Schema "main" is up to date. No migration necessary.
2023-10-16T15:59:14.635+03:00  INFO 13100 --- [Test worker] o.hibernate.jpa.internal.util.LogHelper  : HHH000204: Processing PersistenceUnitInfo [name: default]
2023-10-16T15:59:14.702+03:00  INFO 13100 --- [Test worker] org.hibernate.Version                    : HHH000412: Hibernate ORM core version 6.2.6.Final
2023-10-16T15:59:14.705+03:00  INFO 13100 --- [Test worker] org.hibernate.cfg.Environment            : HHH000406: Using bytecode reflection optimizer
2023-10-16T15:59:14.858+03:00  INFO 13100 --- [Test worker] o.h.b.i.BytecodeProviderInitiator        : HHH000021: Bytecode provider name : bytebuddy
2023-10-16T15:59:14.999+03:00  INFO 13100 --- [Test worker] o.s.o.j.p.SpringPersistenceUnitInfo      : No LoadTimeWeaver setup: ignoring JPA class transformer
2023-10-16T15:59:15.229+03:00  INFO 13100 --- [Test worker] o.h.b.i.BytecodeProviderInitiator        : HHH000021: Bytecode provider name : bytebuddy
2023-10-16T15:59:15.765+03:00  INFO 13100 --- [Test worker] o.h.e.t.j.p.i.JtaPlatformInitiator       : HHH000490: Using JtaPlatform implementation: [org.hibernate.engine.transaction.jta.platform.internal.NoJtaPlatform]
2023-10-16T15:59:15.791+03:00  INFO 13100 --- [Test worker] j.LocalContainerEntityManagerFactoryBean : Initialized JPA EntityManagerFactory for persistence unit 'default'
2023-10-16T15:59:15.983+03:00  WARN 13100 --- [Test worker] JpaBaseConfiguration$JpaWebConfiguration : spring.jpa.open-in-view is enabled by default. Therefore, database queries may be performed during view rendering. Explicitly configure spring.jpa.open-in-view to disable this warning
2023-10-16T15:59:16.635+03:00  INFO 13100 --- [Test worker] b.d.s.g.c.services.DeviceDTOServiceTest  : Started DeviceDTOServiceTest in 3.738 seconds (process running for 4.933)
2023-10-16T16:01:19.091+03:00  WARN 13180 --- [Test worker] ory$DuplicateJsonObjectContextCustomizer : 

Found multiple occurrences of org.json.JSONObject on the class path:

	jar:file:/C:/JAVA/gradle-7.5.1/caches/modules-2/files-2.1/org.json/json/20230618/1ae16df7d556d02713e241086f878399e99260d6/json-20230618.jar!/org/json/JSONObject.class
	jar:file:/C:/JAVA/gradle-7.5.1/caches/modules-2/files-2.1/com.vaadin.external.google/android-json/0.0.20131108.vaadin1/fa26d351fe62a6a17f5cda1287c1c6110dec413f/android-json-0.0.20131108.vaadin1.jar!/org/json/JSONObject.class

You may wish to exclude one of them to ensure predictable runtime behavior

2023-10-16T16:01:19.106+03:00  INFO 13180 --- [Test worker] b.d.s.g.c.services.DeviceDTOServiceTest  : Starting DeviceDTOServiceTest using Java 17.0.4.1 with PID 13180 (started by User in D:\JAVA\Projects\glucoreader_test)
2023-10-16T16:01:19.107+03:00  INFO 13180 --- [Test worker] b.d.s.g.c.services.DeviceDTOServiceTest  : No active profile set, falling back to 1 default profile: "default"
2023-10-16T16:01:19.669+03:00  INFO 13180 --- [Test worker] .s.d.r.c.RepositoryConfigurationDelegate : Bootstrapping Spring Data JPA repositories in DEFAULT mode.
2023-10-16T16:01:19.729+03:00  INFO 13180 --- [Test worker] .s.d.r.c.RepositoryConfigurationDelegate : Finished Spring Data repository scanning in 49 ms. Found 1 JPA repository interfaces.
2023-10-16T16:01:20.143+03:00  INFO 13180 --- [Test worker] o.f.c.internal.license.VersionPrinter    : Flyway Community Edition 9.16.3 by Redgate
2023-10-16T16:01:20.143+03:00  INFO 13180 --- [Test worker] o.f.c.internal.license.VersionPrinter    : See release notes here: https://rd.gt/416ObMi
2023-10-16T16:01:20.143+03:00  INFO 13180 --- [Test worker] o.f.c.internal.license.VersionPrinter    : 
2023-10-16T16:01:20.154+03:00  INFO 13180 --- [Test worker] com.zaxxer.hikari.HikariDataSource       : HikariPool-1 - Starting...
2023-10-16T16:01:20.264+03:00  INFO 13180 --- [Test worker] com.zaxxer.hikari.pool.HikariPool        : HikariPool-1 - Added connection org.sqlite.jdbc4.JDBC4Connection@34c53688
2023-10-16T16:01:20.266+03:00  INFO 13180 --- [Test worker] com.zaxxer.hikari.HikariDataSource       : HikariPool-1 - Start completed.
2023-10-16T16:01:20.275+03:00  INFO 13180 --- [Test worker] o.f.c.i.database.base.BaseDatabaseType   : Database: jdbc:sqlite:src/main/resources/db/database.sqlite (SQLite 3.42)
2023-10-16T16:01:20.300+03:00  INFO 13180 --- [Test worker] o.f.core.internal.command.DbValidate     : Successfully validated 1 migration (execution time 00:00.011s)
2023-10-16T16:01:20.304+03:00  INFO 13180 --- [Test worker] o.f.core.internal.command.DbMigrate      : Current version of schema "main": 1
2023-10-16T16:01:20.304+03:00  INFO 13180 --- [Test worker] o.f.core.internal.command.DbMigrate      : Schema "main" is up to date. No migration necessary.
2023-10-16T16:01:20.401+03:00  INFO 13180 --- [Test worker] o.hibernate.jpa.internal.util.LogHelper  : HHH000204: Processing PersistenceUnitInfo [name: default]
2023-10-16T16:01:20.467+03:00  INFO 13180 --- [Test worker] org.hibernate.Version                    : HHH000412: Hibernate ORM core version 6.2.6.Final
2023-10-16T16:01:20.470+03:00  INFO 13180 --- [Test worker] org.hibernate.cfg.Environment            : HHH000406: Using bytecode reflection optimizer
2023-10-16T16:01:20.606+03:00  INFO 13180 --- [Test worker] o.h.b.i.BytecodeProviderInitiator        : HHH000021: Bytecode provider name : bytebuddy
2023-10-16T16:01:20.732+03:00  INFO 13180 --- [Test worker] o.s.o.j.p.SpringPersistenceUnitInfo      : No LoadTimeWeaver setup: ignoring JPA class transformer
2023-10-16T16:01:20.933+03:00  INFO 13180 --- [Test worker] o.h.b.i.BytecodeProviderInitiator        : HHH000021: Bytecode provider name : bytebuddy
2023-10-16T16:01:21.425+03:00  INFO 13180 --- [Test worker] o.h.e.t.j.p.i.JtaPlatformInitiator       : HHH000490: Using JtaPlatform implementation: [org.hibernate.engine.transaction.jta.platform.internal.NoJtaPlatform]
2023-10-16T16:01:21.447+03:00  INFO 13180 --- [Test worker] j.LocalContainerEntityManagerFactoryBean : Initialized JPA EntityManagerFactory for persistence unit 'default'
2023-10-16T16:01:21.631+03:00  WARN 13180 --- [Test worker] JpaBaseConfiguration$JpaWebConfiguration : spring.jpa.open-in-view is enabled by default. Therefore, database queries may be performed during view rendering. Explicitly configure spring.jpa.open-in-view to disable this warning
2023-10-16T16:01:22.241+03:00  INFO 13180 --- [Test worker] b.d.s.g.c.services.DeviceDTOServiceTest  : Started DeviceDTOServiceTest in 3.398 seconds (process running for 4.461)
2023-10-16T16:01:22.701+03:00  INFO 13180 --- [SpringApplicationShutdownHook] j.LocalContainerEntityManagerFactoryBean : Closing JPA EntityManagerFactory for persistence unit 'default'
2023-10-16T16:01:22.704+03:00  INFO 13180 --- [SpringApplicationShutdownHook] com.zaxxer.hikari.HikariDataSource       : HikariPool-1 - Shutdown initiated...
2023-10-16T16:01:22.709+03:00  INFO 13180 --- [SpringApplicationShutdownHook] com.zaxxer.hikari.HikariDataSource       : HikariPool-1 - Shutdown completed.
2023-10-16T16:05:00.648+03:00  WARN 7792 --- [Test worker] ory$DuplicateJsonObjectContextCustomizer : 

Found multiple occurrences of org.json.JSONObject on the class path:

	jar:file:/C:/JAVA/gradle-7.5.1/caches/modules-2/files-2.1/org.json/json/20230618/1ae16df7d556d02713e241086f878399e99260d6/json-20230618.jar!/org/json/JSONObject.class
	jar:file:/C:/JAVA/gradle-7.5.1/caches/modules-2/files-2.1/com.vaadin.external.google/android-json/0.0.20131108.vaadin1/fa26d351fe62a6a17f5cda1287c1c6110dec413f/android-json-0.0.20131108.vaadin1.jar!/org/json/JSONObject.class

You may wish to exclude one of them to ensure predictable runtime behavior

2023-10-16T16:05:00.663+03:00  INFO 7792 --- [Test worker] b.d.s.g.c.services.DeviceDTOServiceTest  : Starting DeviceDTOServiceTest using Java 17.0.4.1 with PID 7792 (started by User in D:\JAVA\Projects\glucoreader_test)
2023-10-16T16:05:00.664+03:00  INFO 7792 --- [Test worker] b.d.s.g.c.services.DeviceDTOServiceTest  : No active profile set, falling back to 1 default profile: "default"
2023-10-16T16:05:01.299+03:00  INFO 7792 --- [Test worker] .s.d.r.c.RepositoryConfigurationDelegate : Bootstrapping Spring Data JPA repositories in DEFAULT mode.
2023-10-16T16:05:01.375+03:00  INFO 7792 --- [Test worker] .s.d.r.c.RepositoryConfigurationDelegate : Finished Spring Data repository scanning in 63 ms. Found 1 JPA repository interfaces.
2023-10-16T16:05:01.853+03:00  INFO 7792 --- [Test worker] o.f.c.internal.license.VersionPrinter    : Flyway Community Edition 9.16.3 by Redgate
2023-10-16T16:05:01.854+03:00  INFO 7792 --- [Test worker] o.f.c.internal.license.VersionPrinter    : See release notes here: https://rd.gt/416ObMi
2023-10-16T16:05:01.854+03:00  INFO 7792 --- [Test worker] o.f.c.internal.license.VersionPrinter    : 
2023-10-16T16:05:01.865+03:00  INFO 7792 --- [Test worker] com.zaxxer.hikari.HikariDataSource       : HikariPool-1 - Starting...
2023-10-16T16:05:01.979+03:00  INFO 7792 --- [Test worker] com.zaxxer.hikari.pool.HikariPool        : HikariPool-1 - Added connection org.sqlite.jdbc4.JDBC4Connection@6ffd4c0d
2023-10-16T16:05:01.981+03:00  INFO 7792 --- [Test worker] com.zaxxer.hikari.HikariDataSource       : HikariPool-1 - Start completed.
2023-10-16T16:05:01.990+03:00  INFO 7792 --- [Test worker] o.f.c.i.database.base.BaseDatabaseType   : Database: jdbc:sqlite:src/main/resources/db/database.sqlite (SQLite 3.42)
2023-10-16T16:05:02.019+03:00  INFO 7792 --- [Test worker] o.f.core.internal.command.DbValidate     : Successfully validated 1 migration (execution time 00:00.014s)
2023-10-16T16:05:02.024+03:00  INFO 7792 --- [Test worker] o.f.core.internal.command.DbMigrate      : Current version of schema "main": 1
2023-10-16T16:05:02.024+03:00  INFO 7792 --- [Test worker] o.f.core.internal.command.DbMigrate      : Schema "main" is up to date. No migration necessary.
2023-10-16T16:05:02.133+03:00  INFO 7792 --- [Test worker] o.hibernate.jpa.internal.util.LogHelper  : HHH000204: Processing PersistenceUnitInfo [name: default]
2023-10-16T16:05:02.198+03:00  INFO 7792 --- [Test worker] org.hibernate.Version                    : HHH000412: Hibernate ORM core version 6.2.6.Final
2023-10-16T16:05:02.200+03:00  INFO 7792 --- [Test worker] org.hibernate.cfg.Environment            : HHH000406: Using bytecode reflection optimizer
2023-10-16T16:05:02.339+03:00  INFO 7792 --- [Test worker] o.h.b.i.BytecodeProviderInitiator        : HHH000021: Bytecode provider name : bytebuddy
2023-10-16T16:05:02.478+03:00  INFO 7792 --- [Test worker] o.s.o.j.p.SpringPersistenceUnitInfo      : No LoadTimeWeaver setup: ignoring JPA class transformer
2023-10-16T16:05:02.709+03:00  INFO 7792 --- [Test worker] o.h.b.i.BytecodeProviderInitiator        : HHH000021: Bytecode provider name : bytebuddy
2023-10-16T16:05:03.273+03:00  INFO 7792 --- [Test worker] o.h.e.t.j.p.i.JtaPlatformInitiator       : HHH000490: Using JtaPlatform implementation: [org.hibernate.engine.transaction.jta.platform.internal.NoJtaPlatform]
2023-10-16T16:05:03.299+03:00  INFO 7792 --- [Test worker] j.LocalContainerEntityManagerFactoryBean : Initialized JPA EntityManagerFactory for persistence unit 'default'
2023-10-16T16:05:03.502+03:00  WARN 7792 --- [Test worker] JpaBaseConfiguration$JpaWebConfiguration : spring.jpa.open-in-view is enabled by default. Therefore, database queries may be performed during view rendering. Explicitly configure spring.jpa.open-in-view to disable this warning
2023-10-16T16:05:04.140+03:00  INFO 7792 --- [Test worker] b.d.s.g.c.services.DeviceDTOServiceTest  : Started DeviceDTOServiceTest in 3.804 seconds (process running for 5.131)
2023-10-16T16:05:04.689+03:00  INFO 7792 --- [SpringApplicationShutdownHook] j.LocalContainerEntityManagerFactoryBean : Closing JPA EntityManagerFactory for persistence unit 'default'
2023-10-16T16:05:04.692+03:00  INFO 7792 --- [SpringApplicationShutdownHook] com.zaxxer.hikari.HikariDataSource       : HikariPool-1 - Shutdown initiated...
2023-10-16T16:05:04.696+03:00  INFO 7792 --- [SpringApplicationShutdownHook] com.zaxxer.hikari.HikariDataSource       : HikariPool-1 - Shutdown completed.
2023-10-16T16:05:18.409+03:00  WARN 12448 --- [Test worker] ory$DuplicateJsonObjectContextCustomizer : 

Found multiple occurrences of org.json.JSONObject on the class path:

	jar:file:/C:/JAVA/gradle-7.5.1/caches/modules-2/files-2.1/org.json/json/20230618/1ae16df7d556d02713e241086f878399e99260d6/json-20230618.jar!/org/json/JSONObject.class
	jar:file:/C:/JAVA/gradle-7.5.1/caches/modules-2/files-2.1/com.vaadin.external.google/android-json/0.0.20131108.vaadin1/fa26d351fe62a6a17f5cda1287c1c6110dec413f/android-json-0.0.20131108.vaadin1.jar!/org/json/JSONObject.class

You may wish to exclude one of them to ensure predictable runtime behavior

2023-10-16T16:05:18.425+03:00  INFO 12448 --- [Test worker] b.d.s.g.c.services.DeviceDTOServiceTest  : Starting DeviceDTOServiceTest using Java 17.0.4.1 with PID 12448 (started by User in D:\JAVA\Projects\glucoreader_test)
2023-10-16T16:05:18.427+03:00  INFO 12448 --- [Test worker] b.d.s.g.c.services.DeviceDTOServiceTest  : No active profile set, falling back to 1 default profile: "default"
2023-10-16T16:05:19.032+03:00  INFO 12448 --- [Test worker] .s.d.r.c.RepositoryConfigurationDelegate : Bootstrapping Spring Data JPA repositories in DEFAULT mode.
2023-10-16T16:05:19.101+03:00  INFO 12448 --- [Test worker] .s.d.r.c.RepositoryConfigurationDelegate : Finished Spring Data repository scanning in 59 ms. Found 1 JPA repository interfaces.
2023-10-16T16:05:19.568+03:00  INFO 12448 --- [Test worker] o.f.c.internal.license.VersionPrinter    : Flyway Community Edition 9.16.3 by Redgate
2023-10-16T16:05:19.569+03:00  INFO 12448 --- [Test worker] o.f.c.internal.license.VersionPrinter    : See release notes here: https://rd.gt/416ObMi
2023-10-16T16:05:19.569+03:00  INFO 12448 --- [Test worker] o.f.c.internal.license.VersionPrinter    : 
2023-10-16T16:05:19.580+03:00  INFO 12448 --- [Test worker] com.zaxxer.hikari.HikariDataSource       : HikariPool-1 - Starting...
2023-10-16T16:05:19.689+03:00  INFO 12448 --- [Test worker] com.zaxxer.hikari.pool.HikariPool        : HikariPool-1 - Added connection org.sqlite.jdbc4.JDBC4Connection@6ffd4c0d
2023-10-16T16:05:19.692+03:00  INFO 12448 --- [Test worker] com.zaxxer.hikari.HikariDataSource       : HikariPool-1 - Start completed.
2023-10-16T16:05:19.702+03:00  INFO 12448 --- [Test worker] o.f.c.i.database.base.BaseDatabaseType   : Database: jdbc:sqlite:src/main/resources/db/database.sqlite (SQLite 3.42)
2023-10-16T16:05:19.730+03:00  INFO 12448 --- [Test worker] o.f.core.internal.command.DbValidate     : Successfully validated 1 migration (execution time 00:00.012s)
2023-10-16T16:05:19.734+03:00  INFO 12448 --- [Test worker] o.f.core.internal.command.DbMigrate      : Current version of schema "main": 1
2023-10-16T16:05:19.734+03:00  INFO 12448 --- [Test worker] o.f.core.internal.command.DbMigrate      : Schema "main" is up to date. No migration necessary.
2023-10-16T16:05:19.833+03:00  INFO 12448 --- [Test worker] o.hibernate.jpa.internal.util.LogHelper  : HHH000204: Processing PersistenceUnitInfo [name: default]
2023-10-16T16:05:19.903+03:00  INFO 12448 --- [Test worker] org.hibernate.Version                    : HHH000412: Hibernate ORM core version 6.2.6.Final
2023-10-16T16:05:19.906+03:00  INFO 12448 --- [Test worker] org.hibernate.cfg.Environment            : HHH000406: Using bytecode reflection optimizer
2023-10-16T16:05:20.078+03:00  INFO 12448 --- [Test worker] o.h.b.i.BytecodeProviderInitiator        : HHH000021: Bytecode provider name : bytebuddy
2023-10-16T16:05:20.216+03:00  INFO 12448 --- [Test worker] o.s.o.j.p.SpringPersistenceUnitInfo      : No LoadTimeWeaver setup: ignoring JPA class transformer
2023-10-16T16:05:20.449+03:00  INFO 12448 --- [Test worker] o.h.b.i.BytecodeProviderInitiator        : HHH000021: Bytecode provider name : bytebuddy
2023-10-16T16:05:20.987+03:00  INFO 12448 --- [Test worker] o.h.e.t.j.p.i.JtaPlatformInitiator       : HHH000490: Using JtaPlatform implementation: [org.hibernate.engine.transaction.jta.platform.internal.NoJtaPlatform]
2023-10-16T16:05:21.015+03:00  INFO 12448 --- [Test worker] j.LocalContainerEntityManagerFactoryBean : Initialized JPA EntityManagerFactory for persistence unit 'default'
2023-10-16T16:05:21.211+03:00  WARN 12448 --- [Test worker] JpaBaseConfiguration$JpaWebConfiguration : spring.jpa.open-in-view is enabled by default. Therefore, database queries may be performed during view rendering. Explicitly configure spring.jpa.open-in-view to disable this warning
2023-10-16T16:05:21.871+03:00  INFO 12448 --- [Test worker] b.d.s.g.c.services.DeviceDTOServiceTest  : Started DeviceDTOServiceTest in 3.76 seconds (process running for 4.93)
2023-10-16T16:05:22.749+03:00  INFO 12448 --- [SpringApplicationShutdownHook] j.LocalContainerEntityManagerFactoryBean : Closing JPA EntityManagerFactory for persistence unit 'default'
2023-10-16T16:05:22.752+03:00  INFO 12448 --- [SpringApplicationShutdownHook] com.zaxxer.hikari.HikariDataSource       : HikariPool-1 - Shutdown initiated...
2023-10-16T16:05:22.755+03:00  INFO 12448 --- [SpringApplicationShutdownHook] com.zaxxer.hikari.HikariDataSource       : HikariPool-1 - Shutdown completed.
2023-10-16T16:05:35.014+03:00  WARN 11360 --- [Test worker] ory$DuplicateJsonObjectContextCustomizer : 

Found multiple occurrences of org.json.JSONObject on the class path:

	jar:file:/C:/JAVA/gradle-7.5.1/caches/modules-2/files-2.1/org.json/json/20230618/1ae16df7d556d02713e241086f878399e99260d6/json-20230618.jar!/org/json/JSONObject.class
	jar:file:/C:/JAVA/gradle-7.5.1/caches/modules-2/files-2.1/com.vaadin.external.google/android-json/0.0.20131108.vaadin1/fa26d351fe62a6a17f5cda1287c1c6110dec413f/android-json-0.0.20131108.vaadin1.jar!/org/json/JSONObject.class

You may wish to exclude one of them to ensure predictable runtime behavior

2023-10-16T16:05:35.029+03:00  INFO 11360 --- [Test worker] b.d.s.g.c.services.DeviceDTOServiceTest  : Starting DeviceDTOServiceTest using Java 17.0.4.1 with PID 11360 (started by User in D:\JAVA\Projects\glucoreader_test)
2023-10-16T16:05:35.031+03:00  INFO 11360 --- [Test worker] b.d.s.g.c.services.DeviceDTOServiceTest  : No active profile set, falling back to 1 default profile: "default"
2023-10-16T16:05:35.692+03:00  INFO 11360 --- [Test worker] .s.d.r.c.RepositoryConfigurationDelegate : Bootstrapping Spring Data JPA repositories in DEFAULT mode.
2023-10-16T16:05:35.762+03:00  INFO 11360 --- [Test worker] .s.d.r.c.RepositoryConfigurationDelegate : Finished Spring Data repository scanning in 60 ms. Found 1 JPA repository interfaces.
2023-10-16T16:05:36.245+03:00  INFO 11360 --- [Test worker] o.f.c.internal.license.VersionPrinter    : Flyway Community Edition 9.16.3 by Redgate
2023-10-16T16:05:36.245+03:00  INFO 11360 --- [Test worker] o.f.c.internal.license.VersionPrinter    : See release notes here: https://rd.gt/416ObMi
2023-10-16T16:05:36.246+03:00  INFO 11360 --- [Test worker] o.f.c.internal.license.VersionPrinter    : 
2023-10-16T16:05:36.259+03:00  INFO 11360 --- [Test worker] com.zaxxer.hikari.HikariDataSource       : HikariPool-1 - Starting...
2023-10-16T16:05:36.382+03:00  INFO 11360 --- [Test worker] com.zaxxer.hikari.pool.HikariPool        : HikariPool-1 - Added connection org.sqlite.jdbc4.JDBC4Connection@6ffd4c0d
2023-10-16T16:05:36.384+03:00  INFO 11360 --- [Test worker] com.zaxxer.hikari.HikariDataSource       : HikariPool-1 - Start completed.
2023-10-16T16:05:36.394+03:00  INFO 11360 --- [Test worker] o.f.c.i.database.base.BaseDatabaseType   : Database: jdbc:sqlite:src/main/resources/db/database.sqlite (SQLite 3.42)
2023-10-16T16:05:36.430+03:00  INFO 11360 --- [Test worker] o.f.core.internal.command.DbValidate     : Successfully validated 1 migration (execution time 00:00.016s)
2023-10-16T16:05:36.435+03:00  INFO 11360 --- [Test worker] o.f.core.internal.command.DbMigrate      : Current version of schema "main": 1
2023-10-16T16:05:36.435+03:00  INFO 11360 --- [Test worker] o.f.core.internal.command.DbMigrate      : Schema "main" is up to date. No migration necessary.
2023-10-16T16:05:36.536+03:00  INFO 11360 --- [Test worker] o.hibernate.jpa.internal.util.LogHelper  : HHH000204: Processing PersistenceUnitInfo [name: default]
2023-10-16T16:05:36.612+03:00  INFO 11360 --- [Test worker] org.hibernate.Version                    : HHH000412: Hibernate ORM core version 6.2.6.Final
2023-10-16T16:05:36.615+03:00  INFO 11360 --- [Test worker] org.hibernate.cfg.Environment            : HHH000406: Using bytecode reflection optimizer
2023-10-16T16:05:36.806+03:00  INFO 11360 --- [Test worker] o.h.b.i.BytecodeProviderInitiator        : HHH000021: Bytecode provider name : bytebuddy
2023-10-16T16:05:36.950+03:00  INFO 11360 --- [Test worker] o.s.o.j.p.SpringPersistenceUnitInfo      : No LoadTimeWeaver setup: ignoring JPA class transformer
2023-10-16T16:05:37.194+03:00  INFO 11360 --- [Test worker] o.h.b.i.BytecodeProviderInitiator        : HHH000021: Bytecode provider name : bytebuddy
2023-10-16T16:05:37.838+03:00  INFO 11360 --- [Test worker] o.h.e.t.j.p.i.JtaPlatformInitiator       : HHH000490: Using JtaPlatform implementation: [org.hibernate.engine.transaction.jta.platform.internal.NoJtaPlatform]
2023-10-16T16:05:37.870+03:00  INFO 11360 --- [Test worker] j.LocalContainerEntityManagerFactoryBean : Initialized JPA EntityManagerFactory for persistence unit 'default'
2023-10-16T16:05:38.120+03:00  WARN 11360 --- [Test worker] JpaBaseConfiguration$JpaWebConfiguration : spring.jpa.open-in-view is enabled by default. Therefore, database queries may be performed during view rendering. Explicitly configure spring.jpa.open-in-view to disable this warning
2023-10-16T16:05:38.861+03:00  INFO 11360 --- [Test worker] b.d.s.g.c.services.DeviceDTOServiceTest  : Started DeviceDTOServiceTest in 4.148 seconds (process running for 5.373)
2023-10-16T16:05:39.759+03:00  INFO 11360 --- [SpringApplicationShutdownHook] j.LocalContainerEntityManagerFactoryBean : Closing JPA EntityManagerFactory for persistence unit 'default'
2023-10-16T16:05:39.761+03:00  INFO 11360 --- [SpringApplicationShutdownHook] com.zaxxer.hikari.HikariDataSource       : HikariPool-1 - Shutdown initiated...
2023-10-16T16:05:39.764+03:00  INFO 11360 --- [SpringApplicationShutdownHook] com.zaxxer.hikari.HikariDataSource       : HikariPool-1 - Shutdown completed.
2023-10-16T16:05:57.011+03:00  WARN 19316 --- [Test worker] ory$DuplicateJsonObjectContextCustomizer : 

Found multiple occurrences of org.json.JSONObject on the class path:

	jar:file:/C:/JAVA/gradle-7.5.1/caches/modules-2/files-2.1/org.json/json/20230618/1ae16df7d556d02713e241086f878399e99260d6/json-20230618.jar!/org/json/JSONObject.class
	jar:file:/C:/JAVA/gradle-7.5.1/caches/modules-2/files-2.1/com.vaadin.external.google/android-json/0.0.20131108.vaadin1/fa26d351fe62a6a17f5cda1287c1c6110dec413f/android-json-0.0.20131108.vaadin1.jar!/org/json/JSONObject.class

You may wish to exclude one of them to ensure predictable runtime behavior

2023-10-16T16:05:57.031+03:00  INFO 19316 --- [Test worker] b.d.s.g.c.services.DeviceDTOServiceTest  : Starting DeviceDTOServiceTest using Java 17.0.4.1 with PID 19316 (started by User in D:\JAVA\Projects\glucoreader_test)
2023-10-16T16:05:57.033+03:00  INFO 19316 --- [Test worker] b.d.s.g.c.services.DeviceDTOServiceTest  : No active profile set, falling back to 1 default profile: "default"
2023-10-16T16:05:57.697+03:00  INFO 19316 --- [Test worker] .s.d.r.c.RepositoryConfigurationDelegate : Bootstrapping Spring Data JPA repositories in DEFAULT mode.
2023-10-16T16:05:57.771+03:00  INFO 19316 --- [Test worker] .s.d.r.c.RepositoryConfigurationDelegate : Finished Spring Data repository scanning in 63 ms. Found 1 JPA repository interfaces.
2023-10-16T16:05:58.230+03:00  INFO 19316 --- [Test worker] o.f.c.internal.license.VersionPrinter    : Flyway Community Edition 9.16.3 by Redgate
2023-10-16T16:05:58.230+03:00  INFO 19316 --- [Test worker] o.f.c.internal.license.VersionPrinter    : See release notes here: https://rd.gt/416ObMi
2023-10-16T16:05:58.230+03:00  INFO 19316 --- [Test worker] o.f.c.internal.license.VersionPrinter    : 
2023-10-16T16:05:58.241+03:00  INFO 19316 --- [Test worker] com.zaxxer.hikari.HikariDataSource       : HikariPool-1 - Starting...
2023-10-16T16:05:58.362+03:00  INFO 19316 --- [Test worker] com.zaxxer.hikari.pool.HikariPool        : HikariPool-1 - Added connection org.sqlite.jdbc4.JDBC4Connection@6ffd4c0d
2023-10-16T16:05:58.364+03:00  INFO 19316 --- [Test worker] com.zaxxer.hikari.HikariDataSource       : HikariPool-1 - Start completed.
2023-10-16T16:05:58.377+03:00  INFO 19316 --- [Test worker] o.f.c.i.database.base.BaseDatabaseType   : Database: jdbc:sqlite:src/main/resources/db/database.sqlite (SQLite 3.42)
2023-10-16T16:05:58.405+03:00  INFO 19316 --- [Test worker] o.f.core.internal.command.DbValidate     : Successfully validated 1 migration (execution time 00:00.013s)
2023-10-16T16:05:58.409+03:00  INFO 19316 --- [Test worker] o.f.core.internal.command.DbMigrate      : Current version of schema "main": 1
2023-10-16T16:05:58.409+03:00  INFO 19316 --- [Test worker] o.f.core.internal.command.DbMigrate      : Schema "main" is up to date. No migration necessary.
2023-10-16T16:05:58.517+03:00  INFO 19316 --- [Test worker] o.hibernate.jpa.internal.util.LogHelper  : HHH000204: Processing PersistenceUnitInfo [name: default]
2023-10-16T16:05:58.591+03:00  INFO 19316 --- [Test worker] org.hibernate.Version                    : HHH000412: Hibernate ORM core version 6.2.6.Final
2023-10-16T16:05:58.594+03:00  INFO 19316 --- [Test worker] org.hibernate.cfg.Environment            : HHH000406: Using bytecode reflection optimizer
2023-10-16T16:05:58.789+03:00  INFO 19316 --- [Test worker] o.h.b.i.BytecodeProviderInitiator        : HHH000021: Bytecode provider name : bytebuddy
2023-10-16T16:05:58.944+03:00  INFO 19316 --- [Test worker] o.s.o.j.p.SpringPersistenceUnitInfo      : No LoadTimeWeaver setup: ignoring JPA class transformer
2023-10-16T16:05:59.204+03:00  INFO 19316 --- [Test worker] o.h.b.i.BytecodeProviderInitiator        : HHH000021: Bytecode provider name : bytebuddy
2023-10-16T16:05:59.739+03:00  INFO 19316 --- [Test worker] o.h.e.t.j.p.i.JtaPlatformInitiator       : HHH000490: Using JtaPlatform implementation: [org.hibernate.engine.transaction.jta.platform.internal.NoJtaPlatform]
2023-10-16T16:05:59.764+03:00  INFO 19316 --- [Test worker] j.LocalContainerEntityManagerFactoryBean : Initialized JPA EntityManagerFactory for persistence unit 'default'
2023-10-16T16:05:59.951+03:00  WARN 19316 --- [Test worker] JpaBaseConfiguration$JpaWebConfiguration : spring.jpa.open-in-view is enabled by default. Therefore, database queries may be performed during view rendering. Explicitly configure spring.jpa.open-in-view to disable this warning
2023-10-16T16:06:00.610+03:00  INFO 19316 --- [Test worker] b.d.s.g.c.services.DeviceDTOServiceTest  : Started DeviceDTOServiceTest in 3.934 seconds (process running for 5.153)
2023-10-16T16:06:56.106+03:00  WARN 15848 --- [Test worker] ory$DuplicateJsonObjectContextCustomizer : 

Found multiple occurrences of org.json.JSONObject on the class path:

	jar:file:/C:/JAVA/gradle-7.5.1/caches/modules-2/files-2.1/org.json/json/20230618/1ae16df7d556d02713e241086f878399e99260d6/json-20230618.jar!/org/json/JSONObject.class
	jar:file:/C:/JAVA/gradle-7.5.1/caches/modules-2/files-2.1/com.vaadin.external.google/android-json/0.0.20131108.vaadin1/fa26d351fe62a6a17f5cda1287c1c6110dec413f/android-json-0.0.20131108.vaadin1.jar!/org/json/JSONObject.class

You may wish to exclude one of them to ensure predictable runtime behavior

2023-10-16T16:06:56.124+03:00  INFO 15848 --- [Test worker] b.d.s.g.c.services.DeviceDTOServiceTest  : Starting DeviceDTOServiceTest using Java 17.0.4.1 with PID 15848 (started by User in D:\JAVA\Projects\glucoreader_test)
2023-10-16T16:06:56.126+03:00  INFO 15848 --- [Test worker] b.d.s.g.c.services.DeviceDTOServiceTest  : No active profile set, falling back to 1 default profile: "default"
2023-10-16T16:06:56.796+03:00  INFO 15848 --- [Test worker] .s.d.r.c.RepositoryConfigurationDelegate : Bootstrapping Spring Data JPA repositories in DEFAULT mode.
2023-10-16T16:06:56.864+03:00  INFO 15848 --- [Test worker] .s.d.r.c.RepositoryConfigurationDelegate : Finished Spring Data repository scanning in 60 ms. Found 1 JPA repository interfaces.
2023-10-16T16:06:57.322+03:00  INFO 15848 --- [Test worker] o.f.c.internal.license.VersionPrinter    : Flyway Community Edition 9.16.3 by Redgate
2023-10-16T16:06:57.323+03:00  INFO 15848 --- [Test worker] o.f.c.internal.license.VersionPrinter    : See release notes here: https://rd.gt/416ObMi
2023-10-16T16:06:57.323+03:00  INFO 15848 --- [Test worker] o.f.c.internal.license.VersionPrinter    : 
2023-10-16T16:06:57.335+03:00  INFO 15848 --- [Test worker] com.zaxxer.hikari.HikariDataSource       : HikariPool-1 - Starting...
2023-10-16T16:06:57.444+03:00  INFO 15848 --- [Test worker] com.zaxxer.hikari.pool.HikariPool        : HikariPool-1 - Added connection org.sqlite.jdbc4.JDBC4Connection@2dba05b1
2023-10-16T16:06:57.446+03:00  INFO 15848 --- [Test worker] com.zaxxer.hikari.HikariDataSource       : HikariPool-1 - Start completed.
2023-10-16T16:06:57.454+03:00  INFO 15848 --- [Test worker] o.f.c.i.database.base.BaseDatabaseType   : Database: jdbc:sqlite:src/main/resources/db/database.sqlite (SQLite 3.42)
2023-10-16T16:06:57.488+03:00  INFO 15848 --- [Test worker] o.f.core.internal.command.DbValidate     : Successfully validated 1 migration (execution time 00:00.016s)
2023-10-16T16:06:57.495+03:00  INFO 15848 --- [Test worker] o.f.core.internal.command.DbMigrate      : Current version of schema "main": 1
2023-10-16T16:06:57.496+03:00  INFO 15848 --- [Test worker] o.f.core.internal.command.DbMigrate      : Schema "main" is up to date. No migration necessary.
2023-10-16T16:06:57.591+03:00  INFO 15848 --- [Test worker] o.hibernate.jpa.internal.util.LogHelper  : HHH000204: Processing PersistenceUnitInfo [name: default]
2023-10-16T16:06:57.661+03:00  INFO 15848 --- [Test worker] org.hibernate.Version                    : HHH000412: Hibernate ORM core version 6.2.6.Final
2023-10-16T16:06:57.664+03:00  INFO 15848 --- [Test worker] org.hibernate.cfg.Environment            : HHH000406: Using bytecode reflection optimizer
2023-10-16T16:06:57.826+03:00  INFO 15848 --- [Test worker] o.h.b.i.BytecodeProviderInitiator        : HHH000021: Bytecode provider name : bytebuddy
2023-10-16T16:06:57.962+03:00  INFO 15848 --- [Test worker] o.s.o.j.p.SpringPersistenceUnitInfo      : No LoadTimeWeaver setup: ignoring JPA class transformer
2023-10-16T16:06:58.187+03:00  INFO 15848 --- [Test worker] o.h.b.i.BytecodeProviderInitiator        : HHH000021: Bytecode provider name : bytebuddy
2023-10-16T16:06:58.731+03:00  INFO 15848 --- [Test worker] o.h.e.t.j.p.i.JtaPlatformInitiator       : HHH000490: Using JtaPlatform implementation: [org.hibernate.engine.transaction.jta.platform.internal.NoJtaPlatform]
2023-10-16T16:06:58.757+03:00  INFO 15848 --- [Test worker] j.LocalContainerEntityManagerFactoryBean : Initialized JPA EntityManagerFactory for persistence unit 'default'
2023-10-16T16:06:58.953+03:00  WARN 15848 --- [Test worker] JpaBaseConfiguration$JpaWebConfiguration : spring.jpa.open-in-view is enabled by default. Therefore, database queries may be performed during view rendering. Explicitly configure spring.jpa.open-in-view to disable this warning
2023-10-16T16:06:59.608+03:00  INFO 15848 --- [Test worker] b.d.s.g.c.services.DeviceDTOServiceTest  : Started DeviceDTOServiceTest in 3.829 seconds (process running for 5.096)
2023-10-16T16:08:24.110+03:00  WARN 15848 --- [HikariPool-1 housekeeper] com.zaxxer.hikari.pool.HikariPool        : HikariPool-1 - Thread starvation or clock leap detected (housekeeper delta=1m26s560ms385s500ns).
2023-10-16T16:08:41.080+03:00  INFO 15848 --- [SpringApplicationShutdownHook] j.LocalContainerEntityManagerFactoryBean : Closing JPA EntityManagerFactory for persistence unit 'default'
2023-10-16T16:08:41.083+03:00  INFO 15848 --- [SpringApplicationShutdownHook] com.zaxxer.hikari.HikariDataSource       : HikariPool-1 - Shutdown initiated...
2023-10-16T16:08:41.089+03:00  INFO 15848 --- [SpringApplicationShutdownHook] com.zaxxer.hikari.HikariDataSource       : HikariPool-1 - Shutdown completed.
2023-10-16T16:08:52.757+03:00  WARN 11300 --- [Test worker] ory$DuplicateJsonObjectContextCustomizer : 

Found multiple occurrences of org.json.JSONObject on the class path:

	jar:file:/C:/JAVA/gradle-7.5.1/caches/modules-2/files-2.1/org.json/json/20230618/1ae16df7d556d02713e241086f878399e99260d6/json-20230618.jar!/org/json/JSONObject.class
	jar:file:/C:/JAVA/gradle-7.5.1/caches/modules-2/files-2.1/com.vaadin.external.google/android-json/0.0.20131108.vaadin1/fa26d351fe62a6a17f5cda1287c1c6110dec413f/android-json-0.0.20131108.vaadin1.jar!/org/json/JSONObject.class

You may wish to exclude one of them to ensure predictable runtime behavior

2023-10-16T16:08:52.772+03:00  INFO 11300 --- [Test worker] b.d.s.g.c.services.DeviceDTOServiceTest  : Starting DeviceDTOServiceTest using Java 17.0.4.1 with PID 11300 (started by User in D:\JAVA\Projects\glucoreader_test)
2023-10-16T16:08:52.773+03:00  INFO 11300 --- [Test worker] b.d.s.g.c.services.DeviceDTOServiceTest  : No active profile set, falling back to 1 default profile: "default"
2023-10-16T16:08:53.375+03:00  INFO 11300 --- [Test worker] .s.d.r.c.RepositoryConfigurationDelegate : Bootstrapping Spring Data JPA repositories in DEFAULT mode.
2023-10-16T16:08:53.441+03:00  INFO 11300 --- [Test worker] .s.d.r.c.RepositoryConfigurationDelegate : Finished Spring Data repository scanning in 58 ms. Found 1 JPA repository interfaces.
2023-10-16T16:08:53.875+03:00  INFO 11300 --- [Test worker] o.f.c.internal.license.VersionPrinter    : Flyway Community Edition 9.16.3 by Redgate
2023-10-16T16:08:53.875+03:00  INFO 11300 --- [Test worker] o.f.c.internal.license.VersionPrinter    : See release notes here: https://rd.gt/416ObMi
2023-10-16T16:08:53.875+03:00  INFO 11300 --- [Test worker] o.f.c.internal.license.VersionPrinter    : 
2023-10-16T16:08:53.886+03:00  INFO 11300 --- [Test worker] com.zaxxer.hikari.HikariDataSource       : HikariPool-1 - Starting...
2023-10-16T16:08:54.008+03:00  INFO 11300 --- [Test worker] com.zaxxer.hikari.pool.HikariPool        : HikariPool-1 - Added connection org.sqlite.jdbc4.JDBC4Connection@2dba05b1
2023-10-16T16:08:54.015+03:00  INFO 11300 --- [Test worker] com.zaxxer.hikari.HikariDataSource       : HikariPool-1 - Start completed.
2023-10-16T16:08:54.026+03:00  INFO 11300 --- [Test worker] o.f.c.i.database.base.BaseDatabaseType   : Database: jdbc:sqlite:src/main/resources/db/database.sqlite (SQLite 3.42)
2023-10-16T16:08:54.061+03:00  INFO 11300 --- [Test worker] o.f.core.internal.command.DbValidate     : Successfully validated 1 migration (execution time 00:00.016s)
2023-10-16T16:08:54.066+03:00  INFO 11300 --- [Test worker] o.f.core.internal.command.DbMigrate      : Current version of schema "main": 1
2023-10-16T16:08:54.067+03:00  INFO 11300 --- [Test worker] o.f.core.internal.command.DbMigrate      : Schema "main" is up to date. No migration necessary.
2023-10-16T16:08:54.155+03:00  INFO 11300 --- [Test worker] o.hibernate.jpa.internal.util.LogHelper  : HHH000204: Processing PersistenceUnitInfo [name: default]
2023-10-16T16:08:54.216+03:00  INFO 11300 --- [Test worker] org.hibernate.Version                    : HHH000412: Hibernate ORM core version 6.2.6.Final
2023-10-16T16:08:54.218+03:00  INFO 11300 --- [Test worker] org.hibernate.cfg.Environment            : HHH000406: Using bytecode reflection optimizer
2023-10-16T16:08:54.383+03:00  INFO 11300 --- [Test worker] o.h.b.i.BytecodeProviderInitiator        : HHH000021: Bytecode provider name : bytebuddy
2023-10-16T16:08:54.516+03:00  INFO 11300 --- [Test worker] o.s.o.j.p.SpringPersistenceUnitInfo      : No LoadTimeWeaver setup: ignoring JPA class transformer
2023-10-16T16:08:54.746+03:00  INFO 11300 --- [Test worker] o.h.b.i.BytecodeProviderInitiator        : HHH000021: Bytecode provider name : bytebuddy
2023-10-16T16:08:55.269+03:00  INFO 11300 --- [Test worker] o.h.e.t.j.p.i.JtaPlatformInitiator       : HHH000490: Using JtaPlatform implementation: [org.hibernate.engine.transaction.jta.platform.internal.NoJtaPlatform]
2023-10-16T16:08:55.296+03:00  INFO 11300 --- [Test worker] j.LocalContainerEntityManagerFactoryBean : Initialized JPA EntityManagerFactory for persistence unit 'default'
2023-10-16T16:08:55.490+03:00  WARN 11300 --- [Test worker] JpaBaseConfiguration$JpaWebConfiguration : spring.jpa.open-in-view is enabled by default. Therefore, database queries may be performed during view rendering. Explicitly configure spring.jpa.open-in-view to disable this warning
2023-10-16T16:08:56.130+03:00  INFO 11300 --- [Test worker] b.d.s.g.c.services.DeviceDTOServiceTest  : Started DeviceDTOServiceTest in 3.675 seconds (process running for 4.865)
2023-10-16T16:12:52.095+03:00  WARN 14792 --- [Test worker] ory$DuplicateJsonObjectContextCustomizer : 

Found multiple occurrences of org.json.JSONObject on the class path:

	jar:file:/C:/JAVA/gradle-7.5.1/caches/modules-2/files-2.1/org.json/json/20230618/1ae16df7d556d02713e241086f878399e99260d6/json-20230618.jar!/org/json/JSONObject.class
	jar:file:/C:/JAVA/gradle-7.5.1/caches/modules-2/files-2.1/com.vaadin.external.google/android-json/0.0.20131108.vaadin1/fa26d351fe62a6a17f5cda1287c1c6110dec413f/android-json-0.0.20131108.vaadin1.jar!/org/json/JSONObject.class

You may wish to exclude one of them to ensure predictable runtime behavior

2023-10-16T16:12:52.110+03:00  INFO 14792 --- [Test worker] b.d.s.g.c.services.DeviceDTOServiceTest  : Starting DeviceDTOServiceTest using Java 17.0.4.1 with PID 14792 (started by User in D:\JAVA\Projects\glucoreader_test)
2023-10-16T16:12:52.112+03:00  INFO 14792 --- [Test worker] b.d.s.g.c.services.DeviceDTOServiceTest  : No active profile set, falling back to 1 default profile: "default"
2023-10-16T16:12:52.791+03:00  INFO 14792 --- [Test worker] .s.d.r.c.RepositoryConfigurationDelegate : Bootstrapping Spring Data JPA repositories in DEFAULT mode.
2023-10-16T16:12:52.870+03:00  INFO 14792 --- [Test worker] .s.d.r.c.RepositoryConfigurationDelegate : Finished Spring Data repository scanning in 68 ms. Found 1 JPA repository interfaces.
2023-10-16T16:12:53.341+03:00  INFO 14792 --- [Test worker] o.f.c.internal.license.VersionPrinter    : Flyway Community Edition 9.16.3 by Redgate
2023-10-16T16:12:53.341+03:00  INFO 14792 --- [Test worker] o.f.c.internal.license.VersionPrinter    : See release notes here: https://rd.gt/416ObMi
2023-10-16T16:12:53.341+03:00  INFO 14792 --- [Test worker] o.f.c.internal.license.VersionPrinter    : 
2023-10-16T16:12:53.351+03:00  INFO 14792 --- [Test worker] com.zaxxer.hikari.HikariDataSource       : HikariPool-1 - Starting...
2023-10-16T16:12:53.467+03:00  INFO 14792 --- [Test worker] com.zaxxer.hikari.pool.HikariPool        : HikariPool-1 - Added connection org.sqlite.jdbc4.JDBC4Connection@6ffd4c0d
2023-10-16T16:12:53.473+03:00  INFO 14792 --- [Test worker] com.zaxxer.hikari.HikariDataSource       : HikariPool-1 - Start completed.
2023-10-16T16:12:53.485+03:00  INFO 14792 --- [Test worker] o.f.c.i.database.base.BaseDatabaseType   : Database: jdbc:sqlite:src/main/resources/db/database.sqlite (SQLite 3.42)
2023-10-16T16:12:53.526+03:00  INFO 14792 --- [Test worker] o.f.core.internal.command.DbValidate     : Successfully validated 1 migration (execution time 00:00.015s)
2023-10-16T16:12:53.530+03:00  INFO 14792 --- [Test worker] o.f.core.internal.command.DbMigrate      : Current version of schema "main": 1
2023-10-16T16:12:53.531+03:00  INFO 14792 --- [Test worker] o.f.core.internal.command.DbMigrate      : Schema "main" is up to date. No migration necessary.
2023-10-16T16:12:53.624+03:00  INFO 14792 --- [Test worker] o.hibernate.jpa.internal.util.LogHelper  : HHH000204: Processing PersistenceUnitInfo [name: default]
2023-10-16T16:12:53.679+03:00  INFO 14792 --- [Test worker] org.hibernate.Version                    : HHH000412: Hibernate ORM core version 6.2.6.Final
2023-10-16T16:12:53.681+03:00  INFO 14792 --- [Test worker] org.hibernate.cfg.Environment            : HHH000406: Using bytecode reflection optimizer
2023-10-16T16:12:53.838+03:00  INFO 14792 --- [Test worker] o.h.b.i.BytecodeProviderInitiator        : HHH000021: Bytecode provider name : bytebuddy
2023-10-16T16:12:53.976+03:00  INFO 14792 --- [Test worker] o.s.o.j.p.SpringPersistenceUnitInfo      : No LoadTimeWeaver setup: ignoring JPA class transformer
2023-10-16T16:12:54.203+03:00  INFO 14792 --- [Test worker] o.h.b.i.BytecodeProviderInitiator        : HHH000021: Bytecode provider name : bytebuddy
2023-10-16T16:12:54.751+03:00  INFO 14792 --- [Test worker] o.h.e.t.j.p.i.JtaPlatformInitiator       : HHH000490: Using JtaPlatform implementation: [org.hibernate.engine.transaction.jta.platform.internal.NoJtaPlatform]
2023-10-16T16:12:54.780+03:00  INFO 14792 --- [Test worker] j.LocalContainerEntityManagerFactoryBean : Initialized JPA EntityManagerFactory for persistence unit 'default'
2023-10-16T16:12:54.968+03:00  WARN 14792 --- [Test worker] JpaBaseConfiguration$JpaWebConfiguration : spring.jpa.open-in-view is enabled by default. Therefore, database queries may be performed during view rendering. Explicitly configure spring.jpa.open-in-view to disable this warning
2023-10-16T16:12:55.648+03:00  INFO 14792 --- [Test worker] b.d.s.g.c.services.DeviceDTOServiceTest  : Started DeviceDTOServiceTest in 3.853 seconds (process running for 5.214)
2023-10-16T16:16:35.605+03:00  WARN 18996 --- [Test worker] ory$DuplicateJsonObjectContextCustomizer : 

Found multiple occurrences of org.json.JSONObject on the class path:

	jar:file:/C:/JAVA/gradle-7.5.1/caches/modules-2/files-2.1/org.json/json/20230618/1ae16df7d556d02713e241086f878399e99260d6/json-20230618.jar!/org/json/JSONObject.class
	jar:file:/C:/JAVA/gradle-7.5.1/caches/modules-2/files-2.1/com.vaadin.external.google/android-json/0.0.20131108.vaadin1/fa26d351fe62a6a17f5cda1287c1c6110dec413f/android-json-0.0.20131108.vaadin1.jar!/org/json/JSONObject.class

You may wish to exclude one of them to ensure predictable runtime behavior

2023-10-16T16:16:35.620+03:00  INFO 18996 --- [Test worker] b.d.s.g.c.services.DeviceDTOServiceTest  : Starting DeviceDTOServiceTest using Java 17.0.4.1 with PID 18996 (started by User in D:\JAVA\Projects\glucoreader_test)
2023-10-16T16:16:35.621+03:00  INFO 18996 --- [Test worker] b.d.s.g.c.services.DeviceDTOServiceTest  : No active profile set, falling back to 1 default profile: "default"
2023-10-16T16:16:36.348+03:00  INFO 18996 --- [Test worker] .s.d.r.c.RepositoryConfigurationDelegate : Bootstrapping Spring Data JPA repositories in DEFAULT mode.
2023-10-16T16:16:36.425+03:00  INFO 18996 --- [Test worker] .s.d.r.c.RepositoryConfigurationDelegate : Finished Spring Data repository scanning in 68 ms. Found 1 JPA repository interfaces.
2023-10-16T16:16:36.950+03:00  INFO 18996 --- [Test worker] o.f.c.internal.license.VersionPrinter    : Flyway Community Edition 9.16.3 by Redgate
2023-10-16T16:16:36.951+03:00  INFO 18996 --- [Test worker] o.f.c.internal.license.VersionPrinter    : See release notes here: https://rd.gt/416ObMi
2023-10-16T16:16:36.951+03:00  INFO 18996 --- [Test worker] o.f.c.internal.license.VersionPrinter    : 
2023-10-16T16:16:36.962+03:00  INFO 18996 --- [Test worker] com.zaxxer.hikari.HikariDataSource       : HikariPool-1 - Starting...
2023-10-16T16:16:37.093+03:00  INFO 18996 --- [Test worker] com.zaxxer.hikari.pool.HikariPool        : HikariPool-1 - Added connection org.sqlite.jdbc4.JDBC4Connection@6ffd4c0d
2023-10-16T16:16:37.099+03:00  INFO 18996 --- [Test worker] com.zaxxer.hikari.HikariDataSource       : HikariPool-1 - Start completed.
2023-10-16T16:16:37.113+03:00  INFO 18996 --- [Test worker] o.f.c.i.database.base.BaseDatabaseType   : Database: jdbc:sqlite:src/main/resources/db/database.sqlite (SQLite 3.42)
2023-10-16T16:16:37.148+03:00  INFO 18996 --- [Test worker] o.f.core.internal.command.DbValidate     : Successfully validated 1 migration (execution time 00:00.014s)
2023-10-16T16:16:37.151+03:00  INFO 18996 --- [Test worker] o.f.core.internal.command.DbMigrate      : Current version of schema "main": 1
2023-10-16T16:16:37.152+03:00  INFO 18996 --- [Test worker] o.f.core.internal.command.DbMigrate      : Schema "main" is up to date. No migration necessary.
2023-10-16T16:16:37.242+03:00  INFO 18996 --- [Test worker] o.hibernate.jpa.internal.util.LogHelper  : HHH000204: Processing PersistenceUnitInfo [name: default]
2023-10-16T16:16:37.324+03:00  INFO 18996 --- [Test worker] org.hibernate.Version                    : HHH000412: Hibernate ORM core version 6.2.6.Final
2023-10-16T16:16:37.326+03:00  INFO 18996 --- [Test worker] org.hibernate.cfg.Environment            : HHH000406: Using bytecode reflection optimizer
2023-10-16T16:16:37.513+03:00  INFO 18996 --- [Test worker] o.h.b.i.BytecodeProviderInitiator        : HHH000021: Bytecode provider name : bytebuddy
2023-10-16T16:16:37.660+03:00  INFO 18996 --- [Test worker] o.s.o.j.p.SpringPersistenceUnitInfo      : No LoadTimeWeaver setup: ignoring JPA class transformer
2023-10-16T16:16:37.915+03:00  INFO 18996 --- [Test worker] o.h.b.i.BytecodeProviderInitiator        : HHH000021: Bytecode provider name : bytebuddy
2023-10-16T16:16:38.539+03:00  INFO 18996 --- [Test worker] o.h.e.t.j.p.i.JtaPlatformInitiator       : HHH000490: Using JtaPlatform implementation: [org.hibernate.engine.transaction.jta.platform.internal.NoJtaPlatform]
2023-10-16T16:16:38.571+03:00  INFO 18996 --- [Test worker] j.LocalContainerEntityManagerFactoryBean : Initialized JPA EntityManagerFactory for persistence unit 'default'
2023-10-16T16:16:38.789+03:00  WARN 18996 --- [Test worker] JpaBaseConfiguration$JpaWebConfiguration : spring.jpa.open-in-view is enabled by default. Therefore, database queries may be performed during view rendering. Explicitly configure spring.jpa.open-in-view to disable this warning
2023-10-16T16:16:39.510+03:00  INFO 18996 --- [Test worker] b.d.s.g.c.services.DeviceDTOServiceTest  : Started DeviceDTOServiceTest in 4.277 seconds (process running for 5.476)
2023-10-16T16:17:33.294+03:00  WARN 18996 --- [HikariPool-1 housekeeper] com.zaxxer.hikari.pool.HikariPool        : HikariPool-1 - Thread starvation or clock leap detected (housekeeper delta=56s92ms728s500ns).
2023-10-16T16:17:57.415+03:00  WARN 18956 --- [Test worker] ory$DuplicateJsonObjectContextCustomizer : 

Found multiple occurrences of org.json.JSONObject on the class path:

	jar:file:/C:/JAVA/gradle-7.5.1/caches/modules-2/files-2.1/org.json/json/20230618/1ae16df7d556d02713e241086f878399e99260d6/json-20230618.jar!/org/json/JSONObject.class
	jar:file:/C:/JAVA/gradle-7.5.1/caches/modules-2/files-2.1/com.vaadin.external.google/android-json/0.0.20131108.vaadin1/fa26d351fe62a6a17f5cda1287c1c6110dec413f/android-json-0.0.20131108.vaadin1.jar!/org/json/JSONObject.class

You may wish to exclude one of them to ensure predictable runtime behavior

2023-10-16T16:17:57.432+03:00  INFO 18956 --- [Test worker] b.d.s.g.c.services.DeviceDTOServiceTest  : Starting DeviceDTOServiceTest using Java 17.0.4.1 with PID 18956 (started by User in D:\JAVA\Projects\glucoreader_test)
2023-10-16T16:17:57.433+03:00  INFO 18956 --- [Test worker] b.d.s.g.c.services.DeviceDTOServiceTest  : No active profile set, falling back to 1 default profile: "default"
2023-10-16T16:17:58.024+03:00  INFO 18956 --- [Test worker] .s.d.r.c.RepositoryConfigurationDelegate : Bootstrapping Spring Data JPA repositories in DEFAULT mode.
2023-10-16T16:17:58.089+03:00  INFO 18956 --- [Test worker] .s.d.r.c.RepositoryConfigurationDelegate : Finished Spring Data repository scanning in 55 ms. Found 1 JPA repository interfaces.
2023-10-16T16:17:58.544+03:00  INFO 18956 --- [Test worker] o.f.c.internal.license.VersionPrinter    : Flyway Community Edition 9.16.3 by Redgate
2023-10-16T16:17:58.544+03:00  INFO 18956 --- [Test worker] o.f.c.internal.license.VersionPrinter    : See release notes here: https://rd.gt/416ObMi
2023-10-16T16:17:58.544+03:00  INFO 18956 --- [Test worker] o.f.c.internal.license.VersionPrinter    : 
2023-10-16T16:17:58.555+03:00  INFO 18956 --- [Test worker] com.zaxxer.hikari.HikariDataSource       : HikariPool-1 - Starting...
2023-10-16T16:17:58.668+03:00  INFO 18956 --- [Test worker] com.zaxxer.hikari.pool.HikariPool        : HikariPool-1 - Added connection org.sqlite.jdbc4.JDBC4Connection@6ffd4c0d
2023-10-16T16:17:58.670+03:00  INFO 18956 --- [Test worker] com.zaxxer.hikari.HikariDataSource       : HikariPool-1 - Start completed.
2023-10-16T16:17:58.678+03:00  INFO 18956 --- [Test worker] o.f.c.i.database.base.BaseDatabaseType   : Database: jdbc:sqlite:src/main/resources/db/database.sqlite (SQLite 3.42)
2023-10-16T16:17:58.706+03:00  INFO 18956 --- [Test worker] o.f.core.internal.command.DbValidate     : Successfully validated 1 migration (execution time 00:00.012s)
2023-10-16T16:17:58.710+03:00  INFO 18956 --- [Test worker] o.f.core.internal.command.DbMigrate      : Current version of schema "main": 1
2023-10-16T16:17:58.710+03:00  INFO 18956 --- [Test worker] o.f.core.internal.command.DbMigrate      : Schema "main" is up to date. No migration necessary.
2023-10-16T16:17:58.816+03:00  INFO 18956 --- [Test worker] o.hibernate.jpa.internal.util.LogHelper  : HHH000204: Processing PersistenceUnitInfo [name: default]
2023-10-16T16:17:58.873+03:00  INFO 18956 --- [Test worker] org.hibernate.Version                    : HHH000412: Hibernate ORM core version 6.2.6.Final
2023-10-16T16:17:58.881+03:00  INFO 18956 --- [Test worker] org.hibernate.cfg.Environment            : HHH000406: Using bytecode reflection optimizer
2023-10-16T16:17:59.034+03:00  INFO 18956 --- [Test worker] o.h.b.i.BytecodeProviderInitiator        : HHH000021: Bytecode provider name : bytebuddy
2023-10-16T16:17:59.169+03:00  INFO 18956 --- [Test worker] o.s.o.j.p.SpringPersistenceUnitInfo      : No LoadTimeWeaver setup: ignoring JPA class transformer
2023-10-16T16:17:59.412+03:00  INFO 18956 --- [Test worker] o.h.b.i.BytecodeProviderInitiator        : HHH000021: Bytecode provider name : bytebuddy
2023-10-16T16:17:59.981+03:00  INFO 18956 --- [Test worker] o.h.e.t.j.p.i.JtaPlatformInitiator       : HHH000490: Using JtaPlatform implementation: [org.hibernate.engine.transaction.jta.platform.internal.NoJtaPlatform]
2023-10-16T16:18:00.009+03:00  INFO 18956 --- [Test worker] j.LocalContainerEntityManagerFactoryBean : Initialized JPA EntityManagerFactory for persistence unit 'default'
2023-10-16T16:18:00.217+03:00  WARN 18956 --- [Test worker] JpaBaseConfiguration$JpaWebConfiguration : spring.jpa.open-in-view is enabled by default. Therefore, database queries may be performed during view rendering. Explicitly configure spring.jpa.open-in-view to disable this warning
2023-10-16T16:18:00.867+03:00  INFO 18956 --- [Test worker] b.d.s.g.c.services.DeviceDTOServiceTest  : Started DeviceDTOServiceTest in 3.737 seconds (process running for 4.896)
2023-10-16T16:18:33.770+03:00  INFO 18956 --- [SpringApplicationShutdownHook] j.LocalContainerEntityManagerFactoryBean : Closing JPA EntityManagerFactory for persistence unit 'default'
2023-10-16T16:18:33.772+03:00  INFO 18956 --- [SpringApplicationShutdownHook] com.zaxxer.hikari.HikariDataSource       : HikariPool-1 - Shutdown initiated...
2023-10-16T16:18:33.776+03:00  INFO 18956 --- [SpringApplicationShutdownHook] com.zaxxer.hikari.HikariDataSource       : HikariPool-1 - Shutdown completed.
2023-10-16T16:18:45.012+03:00  WARN 14552 --- [Test worker] ory$DuplicateJsonObjectContextCustomizer : 

Found multiple occurrences of org.json.JSONObject on the class path:

	jar:file:/C:/JAVA/gradle-7.5.1/caches/modules-2/files-2.1/org.json/json/20230618/1ae16df7d556d02713e241086f878399e99260d6/json-20230618.jar!/org/json/JSONObject.class
	jar:file:/C:/JAVA/gradle-7.5.1/caches/modules-2/files-2.1/com.vaadin.external.google/android-json/0.0.20131108.vaadin1/fa26d351fe62a6a17f5cda1287c1c6110dec413f/android-json-0.0.20131108.vaadin1.jar!/org/json/JSONObject.class

You may wish to exclude one of them to ensure predictable runtime behavior

2023-10-16T16:18:45.026+03:00  INFO 14552 --- [Test worker] b.d.s.g.c.services.DeviceDTOServiceTest  : Starting DeviceDTOServiceTest using Java 17.0.4.1 with PID 14552 (started by User in D:\JAVA\Projects\glucoreader_test)
2023-10-16T16:18:45.027+03:00  INFO 14552 --- [Test worker] b.d.s.g.c.services.DeviceDTOServiceTest  : No active profile set, falling back to 1 default profile: "default"
2023-10-16T16:18:45.631+03:00  INFO 14552 --- [Test worker] .s.d.r.c.RepositoryConfigurationDelegate : Bootstrapping Spring Data JPA repositories in DEFAULT mode.
2023-10-16T16:18:45.709+03:00  INFO 14552 --- [Test worker] .s.d.r.c.RepositoryConfigurationDelegate : Finished Spring Data repository scanning in 67 ms. Found 1 JPA repository interfaces.
2023-10-16T16:18:46.167+03:00  INFO 14552 --- [Test worker] o.f.c.internal.license.VersionPrinter    : Flyway Community Edition 9.16.3 by Redgate
2023-10-16T16:18:46.168+03:00  INFO 14552 --- [Test worker] o.f.c.internal.license.VersionPrinter    : See release notes here: https://rd.gt/416ObMi
2023-10-16T16:18:46.168+03:00  INFO 14552 --- [Test worker] o.f.c.internal.license.VersionPrinter    : 
2023-10-16T16:18:46.179+03:00  INFO 14552 --- [Test worker] com.zaxxer.hikari.HikariDataSource       : HikariPool-1 - Starting...
2023-10-16T16:18:46.296+03:00  INFO 14552 --- [Test worker] com.zaxxer.hikari.pool.HikariPool        : HikariPool-1 - Added connection org.sqlite.jdbc4.JDBC4Connection@2dba05b1
2023-10-16T16:18:46.299+03:00  INFO 14552 --- [Test worker] com.zaxxer.hikari.HikariDataSource       : HikariPool-1 - Start completed.
2023-10-16T16:18:46.308+03:00  INFO 14552 --- [Test worker] o.f.c.i.database.base.BaseDatabaseType   : Database: jdbc:sqlite:src/main/resources/db/database.sqlite (SQLite 3.42)
2023-10-16T16:18:46.337+03:00  INFO 14552 --- [Test worker] o.f.core.internal.command.DbValidate     : Successfully validated 1 migration (execution time 00:00.012s)
2023-10-16T16:18:46.341+03:00  INFO 14552 --- [Test worker] o.f.core.internal.command.DbMigrate      : Current version of schema "main": 1
2023-10-16T16:18:46.341+03:00  INFO 14552 --- [Test worker] o.f.core.internal.command.DbMigrate      : Schema "main" is up to date. No migration necessary.
2023-10-16T16:18:46.456+03:00  INFO 14552 --- [Test worker] o.hibernate.jpa.internal.util.LogHelper  : HHH000204: Processing PersistenceUnitInfo [name: default]
2023-10-16T16:18:46.528+03:00  INFO 14552 --- [Test worker] org.hibernate.Version                    : HHH000412: Hibernate ORM core version 6.2.6.Final
2023-10-16T16:18:46.531+03:00  INFO 14552 --- [Test worker] org.hibernate.cfg.Environment            : HHH000406: Using bytecode reflection optimizer
2023-10-16T16:18:46.684+03:00  INFO 14552 --- [Test worker] o.h.b.i.BytecodeProviderInitiator        : HHH000021: Bytecode provider name : bytebuddy
2023-10-16T16:18:46.826+03:00  INFO 14552 --- [Test worker] o.s.o.j.p.SpringPersistenceUnitInfo      : No LoadTimeWeaver setup: ignoring JPA class transformer
2023-10-16T16:18:47.072+03:00  INFO 14552 --- [Test worker] o.h.b.i.BytecodeProviderInitiator        : HHH000021: Bytecode provider name : bytebuddy
2023-10-16T16:18:47.617+03:00  INFO 14552 --- [Test worker] o.h.e.t.j.p.i.JtaPlatformInitiator       : HHH000490: Using JtaPlatform implementation: [org.hibernate.engine.transaction.jta.platform.internal.NoJtaPlatform]
2023-10-16T16:18:47.645+03:00  INFO 14552 --- [Test worker] j.LocalContainerEntityManagerFactoryBean : Initialized JPA EntityManagerFactory for persistence unit 'default'
2023-10-16T16:18:47.848+03:00  WARN 14552 --- [Test worker] JpaBaseConfiguration$JpaWebConfiguration : spring.jpa.open-in-view is enabled by default. Therefore, database queries may be performed during view rendering. Explicitly configure spring.jpa.open-in-view to disable this warning
2023-10-16T16:18:48.509+03:00  INFO 14552 --- [Test worker] b.d.s.g.c.services.DeviceDTOServiceTest  : Started DeviceDTOServiceTest in 3.777 seconds (process running for 4.947)
